Using pre-set license
Built from '2022.3/staging' branch; Version is '2022.3.13f1 (5f90a5ebde0f) revision 6262949'; Using compiler version '192829333'; Build Type 'Release'
OS: 'Windows 11  (10.0.22631) 64bit Core' Language: 'es' Physical Memory: 15709 MB
BatchMode: 1, IsHumanControllingUs: 0, StartBugReporterOnCrash: 0, Is64bit: 1, IsPro: 1

COMMAND LINE ARGUMENTS:
C:\Program Files\Unity\Hub\Editor\2022.3.13f1\Editor\Unity.exe
-adb2
-batchMode
-noUpm
-name
AssetImportWorker10
-projectPath
C:/Users/josem/Unity/Pokemon Chimuelo
-logFile
Logs/AssetImportWorker10.log
-srvPort
65178
Successfully changed project path to: C:/Users/josem/Unity/Pokemon Chimuelo
C:/Users/josem/Unity/Pokemon Chimuelo
[UnityMemory] Configuration Parameters - Can be set up in boot.config
    "memorysetup-bucket-allocator-granularity=16"
    "memorysetup-bucket-allocator-bucket-count=8"
    "memorysetup-bucket-allocator-block-size=33554432"
    "memorysetup-bucket-allocator-block-count=8"
    "memorysetup-main-allocator-block-size=16777216"
    "memorysetup-thread-allocator-block-size=16777216"
    "memorysetup-gfx-main-allocator-block-size=16777216"
    "memorysetup-gfx-thread-allocator-block-size=16777216"
    "memorysetup-cache-allocator-block-size=4194304"
    "memorysetup-typetree-allocator-block-size=2097152"
    "memorysetup-profiler-bucket-allocator-granularity=16"
    "memorysetup-profiler-bucket-allocator-bucket-count=8"
    "memorysetup-profiler-bucket-allocator-block-size=33554432"
    "memorysetup-profiler-bucket-allocator-block-count=8"
    "memorysetup-profiler-allocator-block-size=16777216"
    "memorysetup-profiler-editor-allocator-block-size=1048576"
    "memorysetup-temp-allocator-size-main=16777216"
    "memorysetup-job-temp-allocator-block-size=2097152"
    "memorysetup-job-temp-allocator-block-size-background=1048576"
    "memorysetup-job-temp-allocator-reduction-small-platforms=262144"
    "memorysetup-allocator-temp-initial-block-size-main=262144"
    "memorysetup-allocator-temp-initial-block-size-worker=262144"
    "memorysetup-temp-allocator-size-background-worker=32768"
    "memorysetup-temp-allocator-size-job-worker=262144"
    "memorysetup-temp-allocator-size-preload-manager=33554432"
    "memorysetup-temp-allocator-size-nav-mesh-worker=65536"
    "memorysetup-temp-allocator-size-audio-worker=65536"
    "memorysetup-temp-allocator-size-cloud-worker=32768"
    "memorysetup-temp-allocator-size-gi-baking-worker=262144"
    "memorysetup-temp-allocator-size-gfx=262144"
Player connection [31424] Host "[IP] 192.168.1.145 [Port] 0 [Flags] 2 [Guid] 2772749543 [EditorId] 2772749543 [Version] 1048832 [Id] WindowsEditor(7,JoseMariPC) [Debug] 1 [PackageName] WindowsEditor [ProjectName] Editor" joined multi-casting on [225.0.0.222:54997]...

Player connection [31424] Host "[IP] 192.168.1.145 [Port] 0 [Flags] 2 [Guid] 2772749543 [EditorId] 2772749543 [Version] 1048832 [Id] WindowsEditor(7,JoseMariPC) [Debug] 1 [PackageName] WindowsEditor [ProjectName] Editor" joined alternative multi-casting on [225.0.0.222:34997]...

[Physics::Module] Initialized MultithreadedJobDispatcher with 11 workers.
Refreshing native plugins compatible for Editor in 152.16 ms, found 4 plugins.
Preloading 0 native plugins for Editor in 0.00 ms.
Initialize engine version: 2022.3.13f1 (5f90a5ebde0f)
[Subsystems] Discovering subsystems at path C:/Program Files/Unity/Hub/Editor/2022.3.13f1/Editor/Data/Resources/UnitySubsystems
[Subsystems] Discovering subsystems at path C:/Users/josem/Unity/Pokemon Chimuelo/Assets
GfxDevice: creating device client; threaded=0; jobified=0
Direct3D:
    Version:  Direct3D 11.0 [level 11.1]
    Renderer: NVIDIA GeForce GTX 1660 SUPER (ID=0x21c4)
    Vendor:   NVIDIA
    VRAM:     5966 MB
    Driver:   31.0.15.5134
Initialize mono
Mono path[0] = 'C:/Program Files/Unity/Hub/Editor/2022.3.13f1/Editor/Data/Managed'
Mono path[1] = 'C:/Program Files/Unity/Hub/Editor/2022.3.13f1/Editor/Data/MonoBleedingEdge/lib/mono/unityjit-win32'
Mono config path = 'C:/Program Files/Unity/Hub/Editor/2022.3.13f1/Editor/Data/MonoBleedingEdge/etc'
Using monoOptions --debugger-agent=transport=dt_socket,embedding=1,server=y,suspend=n,address=127.0.0.1:56356
Begin MonoManager ReloadAssembly
Registering precompiled unity dll's ...
Register platform support module: C:/Program Files/Unity/Hub/Editor/2022.3.13f1/Editor/Data/PlaybackEngines/WebGLSupport/UnityEditor.WebGL.Extensions.dll
Register platform support module: C:/Program Files/Unity/Hub/Editor/2022.3.13f1/Editor/Data/PlaybackEngines/WindowsStandaloneSupport/UnityEditor.WindowsStandalone.Extensions.dll
Registered in 0.007540 seconds.
- Loaded All Assemblies, in  0.900 seconds
Native extension for WindowsStandalone target not found
Native extension for WebGL target not found
Mono: successfully reloaded assembly
- Finished resetting the current domain, in  0.230 seconds
Domain Reload Profiling: 1129ms
	BeginReloadAssembly (87ms)
		ExecutionOrderSort (0ms)
		DisableScriptedObjects (0ms)
		BackupInstance (0ms)
		ReleaseScriptingObjects (0ms)
		CreateAndSetChildDomain (1ms)
	RebuildCommonClasses (144ms)
	RebuildNativeTypeToScriptingClass (8ms)
	initialDomainReloadingComplete (50ms)
	LoadAllAssembliesAndSetupDomain (609ms)
		LoadAssemblies (85ms)
		RebuildTransferFunctionScriptingTraits (0ms)
		AnalyzeDomain (608ms)
			TypeCache.Refresh (607ms)
				TypeCache.ScanAssembly (597ms)
			ScanForSourceGeneratedMonoScriptInfo (0ms)
			ResolveRequiredComponents (0ms)
	FinalizeReload (230ms)
		ReleaseScriptCaches (0ms)
		RebuildScriptCaches (0ms)
		SetupLoadedEditorAssemblies (182ms)
			LogAssemblyErrors (0ms)
			InitializePlatformSupportModulesInManaged (9ms)
			SetLoadedEditorAssemblies (5ms)
			RefreshPlugins (0ms)
			BeforeProcessingInitializeOnLoad (2ms)
			ProcessInitializeOnLoadAttributes (108ms)
			ProcessInitializeOnLoadMethodAttributes (58ms)
			AfterProcessingInitializeOnLoad (0ms)
			EditorAssembliesLoaded (0ms)
		ExecutionOrderSort2 (0ms)
		AwakeInstancesAfterBackupRestoration (0ms)
========================================================================
Worker process is ready to serve import requests
Begin MonoManager ReloadAssembly
- Loaded All Assemblies, in  0.676 seconds
Refreshing native plugins compatible for Editor in 4.94 ms, found 4 plugins.
Native extension for WindowsStandalone target not found
Native extension for WebGL target not found
Package Manager log level set to [2]
[Package Manager] Server::EnsureServerProcessIsRunning -- launch failed, reason: Unity was launched with the -noUpm command-line argument
[Package Manager] UpmClient::Send -- Unable to send message (not connected to UPM process).
[Package Manager] Cannot connect to Unity Package Manager local server
Mono: successfully reloaded assembly
- Finished resetting the current domain, in  0.670 seconds
Domain Reload Profiling: 1343ms
	BeginReloadAssembly (127ms)
		ExecutionOrderSort (0ms)
		DisableScriptedObjects (4ms)
		BackupInstance (0ms)
		ReleaseScriptingObjects (0ms)
		CreateAndSetChildDomain (16ms)
	RebuildCommonClasses (27ms)
	RebuildNativeTypeToScriptingClass (8ms)
	initialDomainReloadingComplete (50ms)
	LoadAllAssembliesAndSetupDomain (459ms)
		LoadAssemblies (316ms)
		RebuildTransferFunctionScriptingTraits (0ms)
		AnalyzeDomain (220ms)
			TypeCache.Refresh (188ms)
				TypeCache.ScanAssembly (126ms)
			ScanForSourceGeneratedMonoScriptInfo (23ms)
			ResolveRequiredComponents (8ms)
	FinalizeReload (671ms)
		ReleaseScriptCaches (0ms)
		RebuildScriptCaches (0ms)
		SetupLoadedEditorAssemblies (520ms)
			LogAssemblyErrors (0ms)
			InitializePlatformSupportModulesInManaged (6ms)
			SetLoadedEditorAssemblies (4ms)
			RefreshPlugins (0ms)
			BeforeProcessingInitializeOnLoad (72ms)
			ProcessInitializeOnLoadAttributes (365ms)
			ProcessInitializeOnLoadMethodAttributes (66ms)
			AfterProcessingInitializeOnLoad (7ms)
			EditorAssembliesLoaded (0ms)
		ExecutionOrderSort2 (0ms)
		AwakeInstancesAfterBackupRestoration (6ms)
Launched and connected shader compiler UnityShaderCompiler.exe after 0.05 seconds
Refreshing native plugins compatible for Editor in 4.95 ms, found 4 plugins.
Preloading 0 native plugins for Editor in 0.00 ms.
Unloading 5660 Unused Serialized files (Serialized files now loaded: 0)
Unloading 91 unused Assets / (0.8 MB). Loaded Objects now: 6122.
Memory consumption went from 228.0 MB to 227.3 MB.
Total: 3.984200 ms (FindLiveObjects: 0.390500 ms CreateObjectMapping: 0.359700 ms MarkObjects: 2.843800 ms  DeleteObjects: 0.389300 ms)

AssetImportParameters requested are different than current active one (requested -> active):
  custom:container-demuxer-ogg: 62fdf1f143b41e24485cea50d1cbac27 -> 
  custom:video-decoder-ogg-theora: a1e56fd34408186e4bbccfd4996cb3dc -> 
  custom:scripting/monoscript/fileName/WildPokemon.cs: 19bfdf7762c51c37d2ec88682b0d06dd -> 
  custom:framework-win-MediaFoundation: 216162199b28c13a410421893ffa2e32 -> 
  custom:CustomObjectIndexerAttribute: a3ef5dd2817f97addfee359851a9dba5 -> 
  custom:container-demuxer-webm: 4f35f7cbe854078d1ac9338744f61a02 -> 
  custom:container-muxer-webm: aa71ff27fc2769a1b78a27578f13a17b -> 
  custom:video-decoder-webm-vp8: 9c59270c3fd7afecdb556c50c9e8de78 -> 
  custom:SearchIndexIgnoredProperties: e643bd26f0fe6173181afceb89e7c659 -> 
  custom:AudioImporter_EditorPlatform: d09bf68614088b80899f8185d706f6e7 -> 
  custom:video-encoder-webm-vp8: eb34c28f22e8b96e1ab97ce403110664 -> 
  custom:audio-decoder-ogg-vorbis: bf7c407c2cedff20999df2af8eb42d56 -> 
  custom:audio-encoder-webm-vorbis: bf7c407c2cedff20999df2af8eb42d56 -> 
========================================================================
Received Import Request.
  Time since last request: 530695.336126 seconds.
  path: Assets/Art/Pokemons/Front/262.png
  artifactKey: Guid(c946646bbcc60d44b8b06d64538c4bcb) Importer(815301076,1909f56bfc062723c751e8b465ee728b)
Start importing Assets/Art/Pokemons/Front/262.png using Guid(c946646bbcc60d44b8b06d64538c4bcb) Importer(815301076,1909f56bfc062723c751e8b465ee728b)  -> (artifact id: '05a53fc3aec5ebaaf417a0e1bc1116ff') in 0.099499 seconds
Number of updated asset objects reloaded before import = 0
Number of asset objects unloaded after import = 3
========================================================================
Received Import Request.
  Time since last request: 8.585362 seconds.
  path: Assets/Art/Pokemons/Back/206.png
  artifactKey: Guid(6d366f04c87a3de45a263e823e626fc2) Importer(815301076,1909f56bfc062723c751e8b465ee728b)
Start importing Assets/Art/Pokemons/Back/206.png using Guid(6d366f04c87a3de45a263e823e626fc2) Importer(815301076,1909f56bfc062723c751e8b465ee728b)  -> (artifact id: 'af7ffe3249f2bac3b6ffd580aa0050c3') in 0.030817 seconds
Number of updated asset objects reloaded before import = 0
Number of asset objects unloaded after import = 3
========================================================================
Received Import Request.
  Time since last request: 0.000019 seconds.
  path: Assets/Art/Pokemons/Back/208.png
  artifactKey: Guid(7e6d4e6376d86064294283d322fb27ac) Importer(815301076,1909f56bfc062723c751e8b465ee728b)
Start importing Assets/Art/Pokemons/Back/208.png using Guid(7e6d4e6376d86064294283d322fb27ac) Importer(815301076,1909f56bfc062723c751e8b465ee728b)  -> (artifact id: 'd740073735604bb5f2d5c8d88d03d9c0') in 0.019218 seconds
Number of updated asset objects reloaded before import = 0
Number of asset objects unloaded after import = 3
========================================================================
Received Import Request.
  Time since last request: 0.000017 seconds.
  path: Assets/Art/Pokemons/Back/215.png
  artifactKey: Guid(53bdd5606d28bf848a2893e1796ea338) Importer(815301076,1909f56bfc062723c751e8b465ee728b)
Start importing Assets/Art/Pokemons/Back/215.png using Guid(53bdd5606d28bf848a2893e1796ea338) Importer(815301076,1909f56bfc062723c751e8b465ee728b)  -> (artifact id: '47f2e5385aaf27fa261625b10ec6fc61') in 0.021743 seconds
Number of updated asset objects reloaded before import = 0
Number of asset objects unloaded after import = 3
========================================================================
Received Import Request.
  Time since last request: 0.000022 seconds.
  path: Assets/Art/Pokemons/Back/218.png
  artifactKey: Guid(2bab593c7e3c89741af398690a250805) Importer(815301076,1909f56bfc062723c751e8b465ee728b)
Start importing Assets/Art/Pokemons/Back/218.png using Guid(2bab593c7e3c89741af398690a250805) Importer(815301076,1909f56bfc062723c751e8b465ee728b)  -> (artifact id: '5d639ab516e392e25c2ddc1395be845a') in 0.018507 seconds
Number of updated asset objects reloaded before import = 0
Number of asset objects unloaded after import = 3
========================================================================
Received Import Request.
  Time since last request: 0.000322 seconds.
  path: Assets/Art/Pokemons/Back/221.png
  artifactKey: Guid(b5588492866142642a66782fd0a769c9) Importer(815301076,1909f56bfc062723c751e8b465ee728b)
Start importing Assets/Art/Pokemons/Back/221.png using Guid(b5588492866142642a66782fd0a769c9) Importer(815301076,1909f56bfc062723c751e8b465ee728b)  -> (artifact id: '7a47aeb98f4a8897a42c820a9b146845') in 0.015753 seconds
Number of updated asset objects reloaded before import = 0
Number of asset objects unloaded after import = 3
========================================================================
Received Import Request.
  Time since last request: 0.000019 seconds.
  path: Assets/Art/Pokemons/Back/227.png
  artifactKey: Guid(f47d3c18ff13ef14b9aec93b16cf6030) Importer(815301076,1909f56bfc062723c751e8b465ee728b)
Start importing Assets/Art/Pokemons/Back/227.png using Guid(f47d3c18ff13ef14b9aec93b16cf6030) Importer(815301076,1909f56bfc062723c751e8b465ee728b)  -> (artifact id: 'fd7e318bd48e73d7462cabbb3b0ffa64') in 0.018099 seconds
Number of updated asset objects reloaded before import = 0
Number of asset objects unloaded after import = 3
========================================================================
Received Import Request.
  Time since last request: 0.000019 seconds.
  path: Assets/Art/Pokemons/Back/232.png
  artifactKey: Guid(e00216873b3824c41a02561c535da80a) Importer(815301076,1909f56bfc062723c751e8b465ee728b)
Start importing Assets/Art/Pokemons/Back/232.png using Guid(e00216873b3824c41a02561c535da80a) Importer(815301076,1909f56bfc062723c751e8b465ee728b)  -> (artifact id: 'a06988ce47119b4185cffb3f51aa0885') in 0.017394 seconds
Number of updated asset objects reloaded before import = 0
Number of asset objects unloaded after import = 3
========================================================================
Received Import Request.
  Time since last request: 0.000017 seconds.
  path: Assets/Art/Pokemons/Back/236.png
  artifactKey: Guid(1403ffb64959a5d43b69f808a61be13a) Importer(815301076,1909f56bfc062723c751e8b465ee728b)
Start importing Assets/Art/Pokemons/Back/236.png using Guid(1403ffb64959a5d43b69f808a61be13a) Importer(815301076,1909f56bfc062723c751e8b465ee728b)  -> (artifact id: '70dc5f5012da8c3245e8a06e921df08f') in 0.017647 seconds
Number of updated asset objects reloaded before import = 0
Number of asset objects unloaded after import = 3
========================================================================
Received Import Request.
  Time since last request: 0.000033 seconds.
  path: Assets/Art/Pokemons/Back/237.png
  artifactKey: Guid(d46e78cd72199a9499bb95149ed070c9) Importer(815301076,1909f56bfc062723c751e8b465ee728b)
Start importing Assets/Art/Pokemons/Back/237.png using Guid(d46e78cd72199a9499bb95149ed070c9) Importer(815301076,1909f56bfc062723c751e8b465ee728b)  -> (artifact id: '36dd3f18cbf4991f7ef35a686854440c') in 0.015990 seconds
Number of updated asset objects reloaded before import = 0
Number of asset objects unloaded after import = 3
========================================================================
Received Import Request.
  Time since last request: 0.000024 seconds.
  path: Assets/Art/Pokemons/Back/241.png
  artifactKey: Guid(6f6ba0791610aaa49872343543d0c6f4) Importer(815301076,1909f56bfc062723c751e8b465ee728b)
Start importing Assets/Art/Pokemons/Back/241.png using Guid(6f6ba0791610aaa49872343543d0c6f4) Importer(815301076,1909f56bfc062723c751e8b465ee728b)  -> (artifact id: '83db6d9253b844d01293bff8618fa65c') in 0.017631 seconds
Number of updated asset objects reloaded before import = 0
Number of asset objects unloaded after import = 3
========================================================================
Received Import Request.
  Time since last request: 0.000016 seconds.
  path: Assets/Art/Pokemons/Back/229.png
  artifactKey: Guid(67f009067fa5bac498e5de0855f99153) Importer(815301076,1909f56bfc062723c751e8b465ee728b)
Start importing Assets/Art/Pokemons/Back/229.png using Guid(67f009067fa5bac498e5de0855f99153) Importer(815301076,1909f56bfc062723c751e8b465ee728b)  -> (artifact id: '3cfcb647516b24b9e29561d88b59ed9b') in 0.018249 seconds
Number of updated asset objects reloaded before import = 0
Number of asset objects unloaded after import = 3
========================================================================
Received Import Request.
  Time since last request: 0.000016 seconds.
  path: Assets/Art/Pokemons/Back/240.png
  artifactKey: Guid(c9864bacc8acc8a4eb56446e6c20c689) Importer(815301076,1909f56bfc062723c751e8b465ee728b)
Start importing Assets/Art/Pokemons/Back/240.png using Guid(c9864bacc8acc8a4eb56446e6c20c689) Importer(815301076,1909f56bfc062723c751e8b465ee728b)  -> (artifact id: '7b3c47561af30e4d7c050734ab9ace56') in 0.017343 seconds
Number of updated asset objects reloaded before import = 0
Number of asset objects unloaded after import = 3
========================================================================
Received Import Request.
  Time since last request: 0.000017 seconds.
  path: Assets/Art/Pokemons/Back/234.png
  artifactKey: Guid(e8dc13485bb008d4e8b7996f9ac51f03) Importer(815301076,1909f56bfc062723c751e8b465ee728b)
Start importing Assets/Art/Pokemons/Back/234.png using Guid(e8dc13485bb008d4e8b7996f9ac51f03) Importer(815301076,1909f56bfc062723c751e8b465ee728b)  -> (artifact id: 'c22e7f8eeb1f0ba91717d91d734cb739') in 0.018855 seconds
Number of updated asset objects reloaded before import = 0
Number of asset objects unloaded after import = 3
========================================================================
Received Import Request.
  Time since last request: 0.000017 seconds.
  path: Assets/Art/Pokemons/Back/251.png
  artifactKey: Guid(17b1fe346efe68542ad8c3a9d3873786) Importer(815301076,1909f56bfc062723c751e8b465ee728b)
Start importing Assets/Art/Pokemons/Back/251.png using Guid(17b1fe346efe68542ad8c3a9d3873786) Importer(815301076,1909f56bfc062723c751e8b465ee728b)  -> (artifact id: 'af3a2967cdb301d2e8bee726e0ebf4c7') in 0.017780 seconds
Number of updated asset objects reloaded before import = 0
Number of asset objects unloaded after import = 3
========================================================================
Received Import Request.
  Time since last request: 0.000334 seconds.
  path: Assets/Art/Pokemons/Back/250.png
  artifactKey: Guid(03a358b6557c79c438841603b97a24f3) Importer(815301076,1909f56bfc062723c751e8b465ee728b)
Start importing Assets/Art/Pokemons/Back/250.png using Guid(03a358b6557c79c438841603b97a24f3) Importer(815301076,1909f56bfc062723c751e8b465ee728b)  -> (artifact id: '6648585414fe8cb9556d68923b1d03d3') in 0.018281 seconds
Number of updated asset objects reloaded before import = 0
Number of asset objects unloaded after import = 3
========================================================================
Received Import Request.
  Time since last request: 0.000016 seconds.
  path: Assets/Art/Pokemons/Back/269.png
  artifactKey: Guid(e67dc78288608144e93d45d68b96b5f0) Importer(815301076,1909f56bfc062723c751e8b465ee728b)
Start importing Assets/Art/Pokemons/Back/269.png using Guid(e67dc78288608144e93d45d68b96b5f0) Importer(815301076,1909f56bfc062723c751e8b465ee728b)  -> (artifact id: 'b3cf8239a10b47aaa17be30507157455') in 0.016873 seconds
Number of updated asset objects reloaded before import = 0
Number of asset objects unloaded after import = 3
========================================================================
Received Import Request.
  Time since last request: 0.000019 seconds.
  path: Assets/Art/Pokemons/Back/248.png
  artifactKey: Guid(43bf4265aaf02c6418b1c1da636d9853) Importer(815301076,1909f56bfc062723c751e8b465ee728b)
Start importing Assets/Art/Pokemons/Back/248.png using Guid(43bf4265aaf02c6418b1c1da636d9853) Importer(815301076,1909f56bfc062723c751e8b465ee728b)  -> (artifact id: '52d6e66d9151f9c2c28be15b340baa9f') in 0.016567 seconds
Number of updated asset objects reloaded before import = 0
Number of asset objects unloaded after import = 3
========================================================================
Received Import Request.
  Time since last request: 0.000016 seconds.
  path: Assets/Art/Pokemons/Back/277.png
  artifactKey: Guid(ee8581202b488374ebe3627e74e92592) Importer(815301076,1909f56bfc062723c751e8b465ee728b)
Start importing Assets/Art/Pokemons/Back/277.png using Guid(ee8581202b488374ebe3627e74e92592) Importer(815301076,1909f56bfc062723c751e8b465ee728b)  -> (artifact id: 'a4912765fda25e6d30a185e67490142a') in 0.018038 seconds
Number of updated asset objects reloaded before import = 0
Number of asset objects unloaded after import = 3
========================================================================
Received Import Request.
  Time since last request: 0.000249 seconds.
  path: Assets/Art/Pokemons/Back/253.png
  artifactKey: Guid(5b4007c176cf36e4f8671bbf49113146) Importer(815301076,1909f56bfc062723c751e8b465ee728b)
Start importing Assets/Art/Pokemons/Back/253.png using Guid(5b4007c176cf36e4f8671bbf49113146) Importer(815301076,1909f56bfc062723c751e8b465ee728b)  -> (artifact id: '0c728836bf048ffda50ea97bc5e824bd') in 0.017690 seconds
Number of updated asset objects reloaded before import = 0
Number of asset objects unloaded after import = 3
========================================================================
Received Import Request.
  Time since last request: 0.000015 seconds.
  path: Assets/Art/Pokemons/Back/283.png
  artifactKey: Guid(1bcc37b3183d2c1499c390adb3417e98) Importer(815301076,1909f56bfc062723c751e8b465ee728b)
Start importing Assets/Art/Pokemons/Back/283.png using Guid(1bcc37b3183d2c1499c390adb3417e98) Importer(815301076,1909f56bfc062723c751e8b465ee728b)  -> (artifact id: 'c70c535a50ed160ad18523be5311eaa6') in 0.016523 seconds
Number of updated asset objects reloaded before import = 0
Number of asset objects unloaded after import = 3
========================================================================
Received Import Request.
  Time since last request: 0.000019 seconds.
  path: Assets/Art/Pokemons/Back/289.png
  artifactKey: Guid(3b9e7977f41826a40ba3b29a9a62ab47) Importer(815301076,1909f56bfc062723c751e8b465ee728b)
Start importing Assets/Art/Pokemons/Back/289.png using Guid(3b9e7977f41826a40ba3b29a9a62ab47) Importer(815301076,1909f56bfc062723c751e8b465ee728b)  -> (artifact id: '8b0ef8b62268dcb4a67fc2fb6792bf18') in 0.018978 seconds
Number of updated asset objects reloaded before import = 0
Number of asset objects unloaded after import = 3
========================================================================
Received Import Request.
  Time since last request: 0.000018 seconds.
  path: Assets/Art/Pokemons/Back/294.png
  artifactKey: Guid(b45e02b0a06cd5c4fa30eda0e06fff7c) Importer(815301076,1909f56bfc062723c751e8b465ee728b)
Start importing Assets/Art/Pokemons/Back/294.png using Guid(b45e02b0a06cd5c4fa30eda0e06fff7c) Importer(815301076,1909f56bfc062723c751e8b465ee728b)  -> (artifact id: '2e4029153f5124153f5fb82aa8a08b82') in 0.018246 seconds
Number of updated asset objects reloaded before import = 0
Number of asset objects unloaded after import = 3
========================================================================
Received Import Request.
  Time since last request: 0.000014 seconds.
  path: Assets/Art/Pokemons/Back/296.png
  artifactKey: Guid(a49b48edb2273aa47b007ca3ac6e71ef) Importer(815301076,1909f56bfc062723c751e8b465ee728b)
Start importing Assets/Art/Pokemons/Back/296.png using Guid(a49b48edb2273aa47b007ca3ac6e71ef) Importer(815301076,1909f56bfc062723c751e8b465ee728b)  -> (artifact id: '2761bea13c590073a399a24e684095ba') in 0.017927 seconds
Number of updated asset objects reloaded before import = 0
Number of asset objects unloaded after import = 3
========================================================================
Received Import Request.
  Time since last request: 0.000021 seconds.
  path: Assets/Art/Pokemons/Back/301.png
  artifactKey: Guid(4994648849ccfcf48979382022efc88b) Importer(815301076,1909f56bfc062723c751e8b465ee728b)
Start importing Assets/Art/Pokemons/Back/301.png using Guid(4994648849ccfcf48979382022efc88b) Importer(815301076,1909f56bfc062723c751e8b465ee728b)  -> (artifact id: '23ee42d2dbd72a935fef2885d8a2f8fc') in 0.016045 seconds
Number of updated asset objects reloaded before import = 0
Number of asset objects unloaded after import = 3
========================================================================
Received Import Request.
  Time since last request: 0.000019 seconds.
  path: Assets/Art/Pokemons/Back/307.png
  artifactKey: Guid(93da2a882f1018440bcfe747965a96d0) Importer(815301076,1909f56bfc062723c751e8b465ee728b)
Start importing Assets/Art/Pokemons/Back/307.png using Guid(93da2a882f1018440bcfe747965a96d0) Importer(815301076,1909f56bfc062723c751e8b465ee728b)  -> (artifact id: '1e1fcdbe54fe178acc3cf865ba2e821f') in 0.019905 seconds
Number of updated asset objects reloaded before import = 0
Number of asset objects unloaded after import = 3
========================================================================
Received Import Request.
  Time since last request: 0.000016 seconds.
  path: Assets/Art/Pokemons/Back/308.png
  artifactKey: Guid(6ce7f0fbd38239b42a4606b89863eec3) Importer(815301076,1909f56bfc062723c751e8b465ee728b)
Start importing Assets/Art/Pokemons/Back/308.png using Guid(6ce7f0fbd38239b42a4606b89863eec3) Importer(815301076,1909f56bfc062723c751e8b465ee728b)  -> (artifact id: '13e8e5a31b2a8b555fb71b83f4cf6f63') in 0.020661 seconds
Number of updated asset objects reloaded before import = 0
Number of asset objects unloaded after import = 3
========================================================================
Received Import Request.
  Time since last request: 0.000023 seconds.
  path: Assets/Art/Pokemons/Back/258.png
  artifactKey: Guid(a342beab9d816d745a47adf53e008021) Importer(815301076,1909f56bfc062723c751e8b465ee728b)
Start importing Assets/Art/Pokemons/Back/258.png using Guid(a342beab9d816d745a47adf53e008021) Importer(815301076,1909f56bfc062723c751e8b465ee728b)  -> (artifact id: 'fb43769b269021c8beed187fcf73d9db') in 0.019291 seconds
Number of updated asset objects reloaded before import = 0
Number of asset objects unloaded after import = 3
========================================================================
Received Import Request.
  Time since last request: 0.000025 seconds.
  path: Assets/Art/Pokemons/Back/239.png
  artifactKey: Guid(42658fda761ae654aac87c140e6d94a6) Importer(815301076,1909f56bfc062723c751e8b465ee728b)
Start importing Assets/Art/Pokemons/Back/239.png using Guid(42658fda761ae654aac87c140e6d94a6) Importer(815301076,1909f56bfc062723c751e8b465ee728b)  -> (artifact id: '6e7848bee9f820e9834949ccbe8658f3') in 0.017341 seconds
Number of updated asset objects reloaded before import = 0
Number of asset objects unloaded after import = 3
========================================================================
Received Import Request.
  Time since last request: 0.000028 seconds.
  path: Assets/Art/Pokemons/Back/295.png
  artifactKey: Guid(6a1d257d58ecf1343bd6ca49750dbc9e) Importer(815301076,1909f56bfc062723c751e8b465ee728b)
Start importing Assets/Art/Pokemons/Back/295.png using Guid(6a1d257d58ecf1343bd6ca49750dbc9e) Importer(815301076,1909f56bfc062723c751e8b465ee728b)  -> (artifact id: '0d8216b3358767205a758c21145bd399') in 0.017811 seconds
Number of updated asset objects reloaded before import = 0
Number of asset objects unloaded after import = 3
========================================================================
Received Import Request.
  Time since last request: 0.000018 seconds.
  path: Assets/Art/Pokemons/Back/209.png
  artifactKey: Guid(9be7a56ccf324bc48b4b39e886c077f2) Importer(815301076,1909f56bfc062723c751e8b465ee728b)
Start importing Assets/Art/Pokemons/Back/209.png using Guid(9be7a56ccf324bc48b4b39e886c077f2) Importer(815301076,1909f56bfc062723c751e8b465ee728b)  -> (artifact id: 'f2e3d1fc70594f34c0a4578d23e19c26') in 0.021634 seconds
Number of updated asset objects reloaded before import = 0
Number of asset objects unloaded after import = 3
========================================================================
Received Import Request.
  Time since last request: 0.000024 seconds.
  path: Assets/Art/Pokemons/Back/260.png
  artifactKey: Guid(fe356abd58ee8ce41aa49b6bcd01c179) Importer(815301076,1909f56bfc062723c751e8b465ee728b)
Start importing Assets/Art/Pokemons/Back/260.png using Guid(fe356abd58ee8ce41aa49b6bcd01c179) Importer(815301076,1909f56bfc062723c751e8b465ee728b)  -> (artifact id: 'dcdf60bdd8dcdae6fe3aa533b8edff5d') in 0.020457 seconds
Number of updated asset objects reloaded before import = 0
Number of asset objects unloaded after import = 3
========================================================================
Received Import Request.
  Time since last request: 0.000018 seconds.
  path: Assets/Art/Pokemons/Back/281.png
  artifactKey: Guid(415b1b63195d126499446811d8f293fd) Importer(815301076,1909f56bfc062723c751e8b465ee728b)
Start importing Assets/Art/Pokemons/Back/281.png using Guid(415b1b63195d126499446811d8f293fd) Importer(815301076,1909f56bfc062723c751e8b465ee728b)  -> (artifact id: '18877e6b485a21f7edab3f8e84930aee') in 0.019694 seconds
Number of updated asset objects reloaded before import = 0
Number of asset objects unloaded after import = 3
========================================================================
Received Import Request.
  Time since last request: 0.000019 seconds.
  path: Assets/Art/Pokemons/Back/300.png
  artifactKey: Guid(3dc66e2fc631bb84a9a3cc6de08fac01) Importer(815301076,1909f56bfc062723c751e8b465ee728b)
Start importing Assets/Art/Pokemons/Back/300.png using Guid(3dc66e2fc631bb84a9a3cc6de08fac01) Importer(815301076,1909f56bfc062723c751e8b465ee728b)  -> (artifact id: '2afe3e02d529be55f0b3e6977dde5734') in 0.022124 seconds
Number of updated asset objects reloaded before import = 0
Number of asset objects unloaded after import = 3
========================================================================
Received Import Request.
  Time since last request: 0.000020 seconds.
  path: Assets/Art/Pokemons/Back/254.png
  artifactKey: Guid(ff2acac5bef0e824298b49a7d3113775) Importer(815301076,1909f56bfc062723c751e8b465ee728b)
Start importing Assets/Art/Pokemons/Back/254.png using Guid(ff2acac5bef0e824298b49a7d3113775) Importer(815301076,1909f56bfc062723c751e8b465ee728b)  -> (artifact id: '790428f8822b64f01e2df0cad191717d') in 0.023290 seconds
Number of updated asset objects reloaded before import = 0
Number of asset objects unloaded after import = 3
========================================================================
Received Import Request.
  Time since last request: 0.000016 seconds.
  path: Assets/Art/Pokemons/Back/262.png
  artifactKey: Guid(2bf27dd34495c8b47897741f77f3e890) Importer(815301076,1909f56bfc062723c751e8b465ee728b)
Start importing Assets/Art/Pokemons/Back/262.png using Guid(2bf27dd34495c8b47897741f77f3e890) Importer(815301076,1909f56bfc062723c751e8b465ee728b)  -> (artifact id: 'b5ed44f7a02ea8d5a89b0416fba4223c') in 0.019154 seconds
Number of updated asset objects reloaded before import = 0
Number of asset objects unloaded after import = 3
========================================================================
Received Import Request.
  Time since last request: 0.000021 seconds.
  path: Assets/Art/Pokemons/Back/257.png
  artifactKey: Guid(60d2989b28443d649bb561354d6edb1a) Importer(815301076,1909f56bfc062723c751e8b465ee728b)
Start importing Assets/Art/Pokemons/Back/257.png using Guid(60d2989b28443d649bb561354d6edb1a) Importer(815301076,1909f56bfc062723c751e8b465ee728b)  -> (artifact id: '10383ebe7ad02005cfaddf8d2b8dbe33') in 0.025442 seconds
Number of updated asset objects reloaded before import = 0
Number of asset objects unloaded after import = 3
========================================================================
Received Import Request.
  Time since last request: 0.000022 seconds.
  path: Assets/Art/Pokemons/Back/231.png
  artifactKey: Guid(d5525ba155a08e64daf1ec789042013b) Importer(815301076,1909f56bfc062723c751e8b465ee728b)
Start importing Assets/Art/Pokemons/Back/231.png using Guid(d5525ba155a08e64daf1ec789042013b) Importer(815301076,1909f56bfc062723c751e8b465ee728b)  -> (artifact id: '1e2da49ba5d6b13ed0bbb98114e696e6') in 0.028843 seconds
Number of updated asset objects reloaded before import = 0
Number of asset objects unloaded after import = 3
========================================================================
Received Import Request.
  Time since last request: 0.000031 seconds.
  path: Assets/Art/Pokemons/Back/217.png
  artifactKey: Guid(e28479c7570a47948ae1a481db31bb86) Importer(815301076,1909f56bfc062723c751e8b465ee728b)
Start importing Assets/Art/Pokemons/Back/217.png using Guid(e28479c7570a47948ae1a481db31bb86) Importer(815301076,1909f56bfc062723c751e8b465ee728b)  -> (artifact id: 'a48eb137b2901828576e974a2d8a5c31') in 0.019087 seconds
Number of updated asset objects reloaded before import = 0
Number of asset objects unloaded after import = 3
========================================================================
Received Import Request.
  Time since last request: 0.000017 seconds.
  path: Assets/Art/Pokemons/Back/279.png
  artifactKey: Guid(1350d35f332f536408a5cefa64501496) Importer(815301076,1909f56bfc062723c751e8b465ee728b)
Start importing Assets/Art/Pokemons/Back/279.png using Guid(1350d35f332f536408a5cefa64501496) Importer(815301076,1909f56bfc062723c751e8b465ee728b)  -> (artifact id: '0ace54af8ab4cddd70b0049cc1fc693b') in 0.021216 seconds
Number of updated asset objects reloaded before import = 0
Number of asset objects unloaded after import = 3
========================================================================
Received Import Request.
  Time since last request: 0.000018 seconds.
  path: Assets/Art/Pokemons/Back/249.png
  artifactKey: Guid(ec508c205dbedbb4381e8e91aa13aa5e) Importer(815301076,1909f56bfc062723c751e8b465ee728b)
Start importing Assets/Art/Pokemons/Back/249.png using Guid(ec508c205dbedbb4381e8e91aa13aa5e) Importer(815301076,1909f56bfc062723c751e8b465ee728b)  -> (artifact id: 'a00c7f46fa258a6783b733761d2c38fb') in 0.021439 seconds
Number of updated asset objects reloaded before import = 0
Number of asset objects unloaded after import = 3
========================================================================
Received Import Request.
  Time since last request: 0.000019 seconds.
  path: Assets/Art/Pokemons/Back/298.png
  artifactKey: Guid(c8ba2bcc585cabb448f504a24b6a88c8) Importer(815301076,1909f56bfc062723c751e8b465ee728b)
Start importing Assets/Art/Pokemons/Back/298.png using Guid(c8ba2bcc585cabb448f504a24b6a88c8) Importer(815301076,1909f56bfc062723c751e8b465ee728b)  -> (artifact id: 'fa21656993186960a355ee82174af039') in 0.019844 seconds
Number of updated asset objects reloaded before import = 0
Number of asset objects unloaded after import = 3
========================================================================
Received Import Request.
  Time since last request: 0.000022 seconds.
  path: Assets/Art/Pokemons/Back/286.png
  artifactKey: Guid(d2f6cb6477d9e3d48ae77150d728259e) Importer(815301076,1909f56bfc062723c751e8b465ee728b)
Start importing Assets/Art/Pokemons/Back/286.png using Guid(d2f6cb6477d9e3d48ae77150d728259e) Importer(815301076,1909f56bfc062723c751e8b465ee728b)  -> (artifact id: '3ae190b7ea0de926d59dcd235a8f4d62') in 0.020403 seconds
Number of updated asset objects reloaded before import = 0
Number of asset objects unloaded after import = 3
========================================================================
Received Import Request.
  Time since last request: 0.000015 seconds.
  path: Assets/Art/Pokemons/Back/244.png
  artifactKey: Guid(bef4afcf31f70be48a024af76d389749) Importer(815301076,1909f56bfc062723c751e8b465ee728b)
Start importing Assets/Art/Pokemons/Back/244.png using Guid(bef4afcf31f70be48a024af76d389749) Importer(815301076,1909f56bfc062723c751e8b465ee728b)  -> (artifact id: '0b95cdbf7330f5ca842d2e68efddad58') in 0.025565 seconds
Number of updated asset objects reloaded before import = 0
Number of asset objects unloaded after import = 3
========================================================================
Received Import Request.
  Time since last request: 0.000020 seconds.
  path: Assets/Art/Pokemons/Back/225.png
  artifactKey: Guid(962293cab08c94e4eae238db9a793872) Importer(815301076,1909f56bfc062723c751e8b465ee728b)
Start importing Assets/Art/Pokemons/Back/225.png using Guid(962293cab08c94e4eae238db9a793872) Importer(815301076,1909f56bfc062723c751e8b465ee728b)  -> (artifact id: 'ccf3fc37ca40ce1561e479ee1fa9124e') in 0.018581 seconds
Number of updated asset objects reloaded before import = 0
Number of asset objects unloaded after import = 3
========================================================================
Received Import Request.
  Time since last request: 0.000024 seconds.
  path: Assets/Art/Pokemons/Back/242.png
  artifactKey: Guid(cf10e419402c0f148b93738ae4ddd28b) Importer(815301076,1909f56bfc062723c751e8b465ee728b)
Start importing Assets/Art/Pokemons/Back/242.png using Guid(cf10e419402c0f148b93738ae4ddd28b) Importer(815301076,1909f56bfc062723c751e8b465ee728b)  -> (artifact id: '2db8400bab5232b216251690ad2d29a4') in 0.020074 seconds
Number of updated asset objects reloaded before import = 0
Number of asset objects unloaded after import = 3
========================================================================
Received Import Request.
  Time since last request: 0.000024 seconds.
  path: Assets/Art/Pokemons/Back/304.png
  artifactKey: Guid(b97ca45579eed2745ad29d97ef37b18a) Importer(815301076,1909f56bfc062723c751e8b465ee728b)
Start importing Assets/Art/Pokemons/Back/304.png using Guid(b97ca45579eed2745ad29d97ef37b18a) Importer(815301076,1909f56bfc062723c751e8b465ee728b)  -> (artifact id: '4a14b27bcada115a31e0f99925873122') in 0.022303 seconds
Number of updated asset objects reloaded before import = 0
Number of asset objects unloaded after import = 3
========================================================================
Received Import Request.
  Time since last request: 0.000023 seconds.
  path: Assets/Art/Pokemons/Back/267.png
  artifactKey: Guid(6901bde8580a12f45b6c6a42fae1a2f0) Importer(815301076,1909f56bfc062723c751e8b465ee728b)
Start importing Assets/Art/Pokemons/Back/267.png using Guid(6901bde8580a12f45b6c6a42fae1a2f0) Importer(815301076,1909f56bfc062723c751e8b465ee728b)  -> (artifact id: 'e0bd66cced54388ce2b28efa09c67ef6') in 0.019367 seconds
Number of updated asset objects reloaded before import = 0
Number of asset objects unloaded after import = 3
========================================================================
Received Import Request.
  Time since last request: 0.000017 seconds.
  path: Assets/Art/Pokemons/Back/285.png
  artifactKey: Guid(40f74425d82b86c489bdda0098a7140d) Importer(815301076,1909f56bfc062723c751e8b465ee728b)
Start importing Assets/Art/Pokemons/Back/285.png using Guid(40f74425d82b86c489bdda0098a7140d) Importer(815301076,1909f56bfc062723c751e8b465ee728b)  -> (artifact id: '8385bf2061672a3fa944af052e456c16') in 0.024654 seconds
Number of updated asset objects reloaded before import = 0
Number of asset objects unloaded after import = 3
========================================================================
Received Import Request.
  Time since last request: 0.000016 seconds.
  path: Assets/Art/Pokemons/Back/264.png
  artifactKey: Guid(343d2c3bb9218f3408cfc714b0f88efc) Importer(815301076,1909f56bfc062723c751e8b465ee728b)
Start importing Assets/Art/Pokemons/Back/264.png using Guid(343d2c3bb9218f3408cfc714b0f88efc) Importer(815301076,1909f56bfc062723c751e8b465ee728b)  -> (artifact id: '8e46607420ae20b03e3314a2ac12b7c7') in 0.021774 seconds
Number of updated asset objects reloaded before import = 0
Number of asset objects unloaded after import = 3
========================================================================
Received Import Request.
  Time since last request: 0.000017 seconds.
  path: Assets/Art/Pokemons/Back/252.png
  artifactKey: Guid(e1dc41175cf4a2545a7adcefdd0ab096) Importer(815301076,1909f56bfc062723c751e8b465ee728b)
Start importing Assets/Art/Pokemons/Back/252.png using Guid(e1dc41175cf4a2545a7adcefdd0ab096) Importer(815301076,1909f56bfc062723c751e8b465ee728b)  -> (artifact id: 'e1dd173d52f5a822cfe0bc98a0eb7e45') in 0.020875 seconds
Number of updated asset objects reloaded before import = 0
Number of asset objects unloaded after import = 3
========================================================================
Received Import Request.
  Time since last request: 0.000019 seconds.
  path: Assets/Art/Pokemons/Back/272.png
  artifactKey: Guid(4edfcb8fcf42dec4d80dbdc2cc7b2c8d) Importer(815301076,1909f56bfc062723c751e8b465ee728b)
Start importing Assets/Art/Pokemons/Back/272.png using Guid(4edfcb8fcf42dec4d80dbdc2cc7b2c8d) Importer(815301076,1909f56bfc062723c751e8b465ee728b)  -> (artifact id: '87fcf5e8aa9405043c80d7f5416b2f86') in 0.020293 seconds
Number of updated asset objects reloaded before import = 0
Number of asset objects unloaded after import = 3
========================================================================
Received Import Request.
  Time since last request: 0.000021 seconds.
  path: Assets/Art/Pokemons/Back/261.png
  artifactKey: Guid(e61cd6598c81035419fdef3877706b41) Importer(815301076,1909f56bfc062723c751e8b465ee728b)
Start importing Assets/Art/Pokemons/Back/261.png using Guid(e61cd6598c81035419fdef3877706b41) Importer(815301076,1909f56bfc062723c751e8b465ee728b)  -> (artifact id: '3d4c18bfbcd9c9903ededc41cc690010') in 0.019244 seconds
Number of updated asset objects reloaded before import = 0
Number of asset objects unloaded after import = 3
========================================================================
Received Import Request.
  Time since last request: 0.000021 seconds.
  path: Assets/Art/Pokemons/Back/224.png
  artifactKey: Guid(0b6a7c65c97b012499ac92c937d6050d) Importer(815301076,1909f56bfc062723c751e8b465ee728b)
Start importing Assets/Art/Pokemons/Back/224.png using Guid(0b6a7c65c97b012499ac92c937d6050d) Importer(815301076,1909f56bfc062723c751e8b465ee728b)  -> (artifact id: 'c59ac70cd511755f518eda3a4ab7fefe') in 0.018805 seconds
Number of updated asset objects reloaded before import = 0
Number of asset objects unloaded after import = 3
========================================================================
Received Import Request.
  Time since last request: 3.431907 seconds.
  path: Assets/Art/Pokemons/Back/311.png
  artifactKey: Guid(fef68b1fd3669a24f87d3acfa3d24734) Importer(815301076,1909f56bfc062723c751e8b465ee728b)
Start importing Assets/Art/Pokemons/Back/311.png using Guid(fef68b1fd3669a24f87d3acfa3d24734) Importer(815301076,1909f56bfc062723c751e8b465ee728b)  -> (artifact id: '97aa632ac0a9063f575257f3460207db') in 0.023667 seconds
Number of updated asset objects reloaded before import = 0
Number of asset objects unloaded after import = 3
========================================================================
Received Import Request.
  Time since last request: 0.000073 seconds.
  path: Assets/Art/Pokemons/Back/315.png
  artifactKey: Guid(1ee6f89597e18404c862216f92678f68) Importer(815301076,1909f56bfc062723c751e8b465ee728b)
Start importing Assets/Art/Pokemons/Back/315.png using Guid(1ee6f89597e18404c862216f92678f68) Importer(815301076,1909f56bfc062723c751e8b465ee728b)  -> (artifact id: '5864a6b6828fbaf4ff600024f3473a35') in 0.018301 seconds
Number of updated asset objects reloaded before import = 0
Number of asset objects unloaded after import = 3
========================================================================
Received Import Request.
  Time since last request: 0.000023 seconds.
  path: Assets/Art/Pokemons/Back/318.png
  artifactKey: Guid(578192c7b595fc148b0adcb54b65efa5) Importer(815301076,1909f56bfc062723c751e8b465ee728b)
Start importing Assets/Art/Pokemons/Back/318.png using Guid(578192c7b595fc148b0adcb54b65efa5) Importer(815301076,1909f56bfc062723c751e8b465ee728b)  -> (artifact id: '8d831a1380764762b789deeaf093782e') in 0.022903 seconds
Number of updated asset objects reloaded before import = 0
Number of asset objects unloaded after import = 3
========================================================================
Received Import Request.
  Time since last request: 0.000022 seconds.
  path: Assets/Art/Pokemons/Back/312.png
  artifactKey: Guid(9d926b86da30c954eb9dce7c22d59421) Importer(815301076,1909f56bfc062723c751e8b465ee728b)
Start importing Assets/Art/Pokemons/Back/312.png using Guid(9d926b86da30c954eb9dce7c22d59421) Importer(815301076,1909f56bfc062723c751e8b465ee728b)  -> (artifact id: '18be464ad054f45ee980229925022720') in 0.019212 seconds
Number of updated asset objects reloaded before import = 0
Number of asset objects unloaded after import = 3
========================================================================
Received Import Request.
  Time since last request: 0.000016 seconds.
  path: Assets/Art/Pokemons/Back/321.png
  artifactKey: Guid(a35a4f140f7e22d4c8d7974f12ceddd7) Importer(815301076,1909f56bfc062723c751e8b465ee728b)
Start importing Assets/Art/Pokemons/Back/321.png using Guid(a35a4f140f7e22d4c8d7974f12ceddd7) Importer(815301076,1909f56bfc062723c751e8b465ee728b)  -> (artifact id: '7cc18b77690cbf66b9c6365f49d66e03') in 0.019920 seconds
Number of updated asset objects reloaded before import = 0
Number of asset objects unloaded after import = 3
========================================================================
Received Import Request.
  Time since last request: 0.000022 seconds.
  path: Assets/Art/Pokemons/Back/322.png
  artifactKey: Guid(6a54c40345ea9c441aa3932c8053c4a0) Importer(815301076,1909f56bfc062723c751e8b465ee728b)
Start importing Assets/Art/Pokemons/Back/322.png using Guid(6a54c40345ea9c441aa3932c8053c4a0) Importer(815301076,1909f56bfc062723c751e8b465ee728b)  -> (artifact id: '814f63d1b78693728cd2591669392c2a') in 0.019275 seconds
Number of updated asset objects reloaded before import = 0
Number of asset objects unloaded after import = 3
========================================================================
Received Import Request.
  Time since last request: 0.327216 seconds.
  path: Assets/Art/Pokemons/Back/325.png
  artifactKey: Guid(07ffb8c595092c748ad11201a19153a4) Importer(815301076,1909f56bfc062723c751e8b465ee728b)
Start importing Assets/Art/Pokemons/Back/325.png using Guid(07ffb8c595092c748ad11201a19153a4) Importer(815301076,1909f56bfc062723c751e8b465ee728b)  -> (artifact id: '8745f9902d22d875140dd8cdb0112b8b') in 0.018094 seconds
Number of updated asset objects reloaded before import = 0
Number of asset objects unloaded after import = 3
========================================================================
Received Import Request.
  Time since last request: 0.000017 seconds.
  path: Assets/Art/Pokemons/Back/329.png
  artifactKey: Guid(d2b92e6798493d44f8592d414650f802) Importer(815301076,1909f56bfc062723c751e8b465ee728b)
Start importing Assets/Art/Pokemons/Back/329.png using Guid(d2b92e6798493d44f8592d414650f802) Importer(815301076,1909f56bfc062723c751e8b465ee728b)  -> (artifact id: '553fe24e0c35e4b72e12d9cb1673673b') in 0.019580 seconds
Number of updated asset objects reloaded before import = 0
Number of asset objects unloaded after import = 3
========================================================================
Received Import Request.
  Time since last request: 0.000028 seconds.
  path: Assets/Art/Pokemons/Back/333.png
  artifactKey: Guid(39e2f48b97935df489f8ca733c4fbd53) Importer(815301076,1909f56bfc062723c751e8b465ee728b)
Start importing Assets/Art/Pokemons/Back/333.png using Guid(39e2f48b97935df489f8ca733c4fbd53) Importer(815301076,1909f56bfc062723c751e8b465ee728b)  -> (artifact id: 'c9b1f5d08d884a988795ecda26b9229d') in 0.024063 seconds
Number of updated asset objects reloaded before import = 0
Number of asset objects unloaded after import = 3
========================================================================
Received Import Request.
  Time since last request: 0.000017 seconds.
  path: Assets/Art/Pokemons/Back/328.png
  artifactKey: Guid(43869029193689d4883c09d15e8da96c) Importer(815301076,1909f56bfc062723c751e8b465ee728b)
Start importing Assets/Art/Pokemons/Back/328.png using Guid(43869029193689d4883c09d15e8da96c) Importer(815301076,1909f56bfc062723c751e8b465ee728b)  -> (artifact id: '76b27cc194af0c96246c4354476f42bb') in 0.020887 seconds
Number of updated asset objects reloaded before import = 0
Number of asset objects unloaded after import = 3
========================================================================
Received Import Request.
  Time since last request: 0.344403 seconds.
  path: Assets/Art/Pokemons/Back/338.png
  artifactKey: Guid(6ebc3a5fc6cb3a5428a3951fc47804e1) Importer(815301076,1909f56bfc062723c751e8b465ee728b)
Start importing Assets/Art/Pokemons/Back/338.png using Guid(6ebc3a5fc6cb3a5428a3951fc47804e1) Importer(815301076,1909f56bfc062723c751e8b465ee728b)  -> (artifact id: '5ca58a46b292513c4ff0ce6e717e9a38') in 0.022256 seconds
Number of updated asset objects reloaded before import = 0
Number of asset objects unloaded after import = 3
========================================================================
Received Import Request.
  Time since last request: 0.000023 seconds.
  path: Assets/Art/Pokemons/Back/339.png
  artifactKey: Guid(0179cd4b441c1384b81b3e9c96f56792) Importer(815301076,1909f56bfc062723c751e8b465ee728b)
Start importing Assets/Art/Pokemons/Back/339.png using Guid(0179cd4b441c1384b81b3e9c96f56792) Importer(815301076,1909f56bfc062723c751e8b465ee728b)  -> (artifact id: '78b369f4b563217f3f95fc91a31d73c4') in 0.018781 seconds
Number of updated asset objects reloaded before import = 0
Number of asset objects unloaded after import = 3
========================================================================
Received Import Request.
  Time since last request: 0.000027 seconds.
  path: Assets/Art/Pokemons/Back/342.png
  artifactKey: Guid(531bc78078488b145a28afc635d42e80) Importer(815301076,1909f56bfc062723c751e8b465ee728b)
Start importing Assets/Art/Pokemons/Back/342.png using Guid(531bc78078488b145a28afc635d42e80) Importer(815301076,1909f56bfc062723c751e8b465ee728b)  -> (artifact id: '45f72e2cd3496f0e63a9008146b9ae94') in 0.022611 seconds
Number of updated asset objects reloaded before import = 0
Number of asset objects unloaded after import = 3
========================================================================
Received Import Request.
  Time since last request: 0.000018 seconds.
  path: Assets/Art/Pokemons/Back/344.png
  artifactKey: Guid(69a2e14001b7ef841983a37643198192) Importer(815301076,1909f56bfc062723c751e8b465ee728b)
Start importing Assets/Art/Pokemons/Back/344.png using Guid(69a2e14001b7ef841983a37643198192) Importer(815301076,1909f56bfc062723c751e8b465ee728b)  -> (artifact id: '6423bf13442ff32a5845a797c96d474c') in 0.020708 seconds
Number of updated asset objects reloaded before import = 0
Number of asset objects unloaded after import = 3
========================================================================
Received Import Request.
  Time since last request: 3.191334 seconds.
  path: Assets/Art/Pokemons/Back/351.png
  artifactKey: Guid(cb2ecccff994c09439fab8174228e5e3) Importer(815301076,1909f56bfc062723c751e8b465ee728b)
Start importing Assets/Art/Pokemons/Back/351.png using Guid(cb2ecccff994c09439fab8174228e5e3) Importer(815301076,1909f56bfc062723c751e8b465ee728b)  -> (artifact id: 'e0edb7e7d4976347ae7f2ae7b7cc2f67') in 0.025959 seconds
Number of updated asset objects reloaded before import = 0
Number of asset objects unloaded after import = 3
========================================================================
Received Import Request.
  Time since last request: 0.000022 seconds.
  path: Assets/Art/Pokemons/Back/352.png
  artifactKey: Guid(67ee193c8b8821c4688f71e3a995734d) Importer(815301076,1909f56bfc062723c751e8b465ee728b)
Start importing Assets/Art/Pokemons/Back/352.png using Guid(67ee193c8b8821c4688f71e3a995734d) Importer(815301076,1909f56bfc062723c751e8b465ee728b)  -> (artifact id: 'e647475af9d0bc0af71cb344d131e856') in 0.021875 seconds
Number of updated asset objects reloaded before import = 0
Number of asset objects unloaded after import = 3
========================================================================
Received Import Request.
  Time since last request: 0.000028 seconds.
  path: Assets/Art/Pokemons/Back/357.png
  artifactKey: Guid(1b65d1dcd55e17b4ca7f03038027689e) Importer(815301076,1909f56bfc062723c751e8b465ee728b)
Start importing Assets/Art/Pokemons/Back/357.png using Guid(1b65d1dcd55e17b4ca7f03038027689e) Importer(815301076,1909f56bfc062723c751e8b465ee728b)  -> (artifact id: '22d8f2e7661d0877c5859a66fdee774f') in 0.022063 seconds
Number of updated asset objects reloaded before import = 0
Number of asset objects unloaded after import = 3
========================================================================
Received Import Request.
  Time since last request: 0.000021 seconds.
  path: Assets/Art/Pokemons/Back/353.png
  artifactKey: Guid(e96c3dd0c3da0d54b9df5c78c19575d7) Importer(815301076,1909f56bfc062723c751e8b465ee728b)
Start importing Assets/Art/Pokemons/Back/353.png using Guid(e96c3dd0c3da0d54b9df5c78c19575d7) Importer(815301076,1909f56bfc062723c751e8b465ee728b)  -> (artifact id: 'aca312a9602457f4c9f1350e6a71f63c') in 0.019657 seconds
Number of updated asset objects reloaded before import = 0
Number of asset objects unloaded after import = 3
========================================================================
Received Import Request.
  Time since last request: 0.025238 seconds.
  path: Assets/Art/Pokemons/Back/361.png
  artifactKey: Guid(34b271b13da0c6a4e8cdac04df074b7f) Importer(815301076,1909f56bfc062723c751e8b465ee728b)
Start importing Assets/Art/Pokemons/Back/361.png using Guid(34b271b13da0c6a4e8cdac04df074b7f) Importer(815301076,1909f56bfc062723c751e8b465ee728b)  -> (artifact id: '6123ad20f879ae21cce1cc0d83e7bfb3') in 0.018229 seconds
Number of updated asset objects reloaded before import = 0
Number of asset objects unloaded after import = 3
========================================================================
Received Import Request.
  Time since last request: 0.000015 seconds.
  path: Assets/Art/Pokemons/Back/365.png
  artifactKey: Guid(8841907e33d315d45883ddf237df8f3e) Importer(815301076,1909f56bfc062723c751e8b465ee728b)
Start importing Assets/Art/Pokemons/Back/365.png using Guid(8841907e33d315d45883ddf237df8f3e) Importer(815301076,1909f56bfc062723c751e8b465ee728b)  -> (artifact id: '945aa608d25bda9c2c49c47a014fa581') in 0.019677 seconds
Number of updated asset objects reloaded before import = 0
Number of asset objects unloaded after import = 3
========================================================================
Received Import Request.
  Time since last request: 0.000016 seconds.
  path: Assets/Art/Pokemons/Back/366.png
  artifactKey: Guid(676f164aa590bdf4b835d9d70db397d7) Importer(815301076,1909f56bfc062723c751e8b465ee728b)
Start importing Assets/Art/Pokemons/Back/366.png using Guid(676f164aa590bdf4b835d9d70db397d7) Importer(815301076,1909f56bfc062723c751e8b465ee728b)  -> (artifact id: '070433014bf9f5808238bc67a5b6b55a') in 0.016382 seconds
Number of updated asset objects reloaded before import = 0
Number of asset objects unloaded after import = 3
========================================================================
Received Import Request.
  Time since last request: 0.000018 seconds.
  path: Assets/Art/Pokemons/Back/371.png
  artifactKey: Guid(49cde877a07af174c97e0466caf12a92) Importer(815301076,1909f56bfc062723c751e8b465ee728b)
Start importing Assets/Art/Pokemons/Back/371.png using Guid(49cde877a07af174c97e0466caf12a92) Importer(815301076,1909f56bfc062723c751e8b465ee728b)  -> (artifact id: 'f3560975f864f0c1ff8075fdb6931b83') in 0.021672 seconds
Number of updated asset objects reloaded before import = 0
Number of asset objects unloaded after import = 3
========================================================================
Received Import Request.
  Time since last request: 0.010545 seconds.
  path: Assets/Art/Pokemons/Back/373.png
  artifactKey: Guid(5f7417bcfb23a944eb33ddb67f6560c7) Importer(815301076,1909f56bfc062723c751e8b465ee728b)
Start importing Assets/Art/Pokemons/Back/373.png using Guid(5f7417bcfb23a944eb33ddb67f6560c7) Importer(815301076,1909f56bfc062723c751e8b465ee728b)  -> (artifact id: '45ddeae8c539d8be3118b9ecca72896c') in 0.017226 seconds
Number of updated asset objects reloaded before import = 0
Number of asset objects unloaded after import = 3
========================================================================
Received Import Request.
  Time since last request: 0.000018 seconds.
  path: Assets/Art/Pokemons/Back/377.png
  artifactKey: Guid(465450e45a93b0b4ab147e50b68fcb92) Importer(815301076,1909f56bfc062723c751e8b465ee728b)
Start importing Assets/Art/Pokemons/Back/377.png using Guid(465450e45a93b0b4ab147e50b68fcb92) Importer(815301076,1909f56bfc062723c751e8b465ee728b)  -> (artifact id: '51f03e6b3d6e4f8ba4ca273229c41049') in 0.017743 seconds
Number of updated asset objects reloaded before import = 0
Number of asset objects unloaded after import = 3
========================================================================
Received Import Request.
  Time since last request: 0.000032 seconds.
  path: Assets/Art/Pokemons/Back/381.png
  artifactKey: Guid(ff5547dcf2bfa0345a2dad55cefb8953) Importer(815301076,1909f56bfc062723c751e8b465ee728b)
Start importing Assets/Art/Pokemons/Back/381.png using Guid(ff5547dcf2bfa0345a2dad55cefb8953) Importer(815301076,1909f56bfc062723c751e8b465ee728b)  -> (artifact id: '713aa67bf0fcbd3f762fe037902b63ea') in 0.019908 seconds
Number of updated asset objects reloaded before import = 0
Number of asset objects unloaded after import = 3
========================================================================
Received Import Request.
  Time since last request: 0.000023 seconds.
  path: Assets/Art/Pokemons/Back/384.png
  artifactKey: Guid(42c381dec95e7c643af40d576277e60f) Importer(815301076,1909f56bfc062723c751e8b465ee728b)
Start importing Assets/Art/Pokemons/Back/384.png using Guid(42c381dec95e7c643af40d576277e60f) Importer(815301076,1909f56bfc062723c751e8b465ee728b)  -> (artifact id: '032e31fd4579acd518f3f90adb4f7417') in 0.019464 seconds
Number of updated asset objects reloaded before import = 0
Number of asset objects unloaded after import = 3
========================================================================
Received Import Request.
  Time since last request: 0.000019 seconds.
  path: Assets/Art/Pokemons/Back/380.png
  artifactKey: Guid(18a60586391e0344e96e2aefc84ee116) Importer(815301076,1909f56bfc062723c751e8b465ee728b)
Start importing Assets/Art/Pokemons/Back/380.png using Guid(18a60586391e0344e96e2aefc84ee116) Importer(815301076,1909f56bfc062723c751e8b465ee728b)  -> (artifact id: '0c97058a3ceabbf2055d9db520d8a192') in 0.018574 seconds
Number of updated asset objects reloaded before import = 0
Number of asset objects unloaded after import = 3
========================================================================
Received Import Request.
  Time since last request: 0.127286 seconds.
  path: Assets/Art/Pokemons/Back/386-attack.png
  artifactKey: Guid(d9eb5f09b735b4a47914f339a27504e8) Importer(815301076,1909f56bfc062723c751e8b465ee728b)
Start importing Assets/Art/Pokemons/Back/386-attack.png using Guid(d9eb5f09b735b4a47914f339a27504e8) Importer(815301076,1909f56bfc062723c751e8b465ee728b)  -> (artifact id: 'd7a272f5e9a319ca0dba757bf27da4cd') in 0.020823 seconds
Number of updated asset objects reloaded before import = 0
Number of asset objects unloaded after import = 3
========================================================================
Received Import Request.
  Time since last request: 0.000015 seconds.
  path: Assets/Art/Pokemons/Back/387.png
  artifactKey: Guid(4506d1992cefd6a4a98be2d977961851) Importer(815301076,1909f56bfc062723c751e8b465ee728b)
Start importing Assets/Art/Pokemons/Back/387.png using Guid(4506d1992cefd6a4a98be2d977961851) Importer(815301076,1909f56bfc062723c751e8b465ee728b)  -> (artifact id: '8e6149bcac2d54e83ef7b149bd1d12fd') in 0.022784 seconds
Number of updated asset objects reloaded before import = 0
Number of asset objects unloaded after import = 3
Editor requested this worker to shutdown with reason: Scaling down because of idle timeout
TcpMessagingSession - receive error: operation aborted. errorcode: 995, details: La operacin de E/S se anul por una salida de subproceso o por una solicitud de aplicacin.
AssetImportWorker is now disconnected from the server
Process exiting
Exiting without the bug reporter. Application will terminate with return code 0