Using pre-set license
Built from '2022.3/staging' branch; Version is '2022.3.13f1 (5f90a5ebde0f) revision 6262949'; Using compiler version '192829333'; Build Type 'Release'
OS: 'Windows 11  (10.0.22631) 64bit Core' Language: 'es' Physical Memory: 15709 MB
BatchMode: 1, IsHumanControllingUs: 0, StartBugReporterOnCrash: 0, Is64bit: 1, IsPro: 1

COMMAND LINE ARGUMENTS:
C:\Program Files\Unity\Hub\Editor\2022.3.13f1\Editor\Unity.exe
-adb2
-batchMode
-noUpm
-name
AssetImportWorker11
-projectPath
C:/Users/josem/Unity/Pokemon Chimuelo
-logFile
Logs/AssetImportWorker11.log
-srvPort
65178
Successfully changed project path to: C:/Users/josem/Unity/Pokemon Chimuelo
C:/Users/josem/Unity/Pokemon Chimuelo
[UnityMemory] Configuration Parameters - Can be set up in boot.config
    "memorysetup-bucket-allocator-granularity=16"
    "memorysetup-bucket-allocator-bucket-count=8"
    "memorysetup-bucket-allocator-block-size=33554432"
    "memorysetup-bucket-allocator-block-count=8"
    "memorysetup-main-allocator-block-size=16777216"
    "memorysetup-thread-allocator-block-size=16777216"
    "memorysetup-gfx-main-allocator-block-size=16777216"
    "memorysetup-gfx-thread-allocator-block-size=16777216"
    "memorysetup-cache-allocator-block-size=4194304"
    "memorysetup-typetree-allocator-block-size=2097152"
    "memorysetup-profiler-bucket-allocator-granularity=16"
    "memorysetup-profiler-bucket-allocator-bucket-count=8"
    "memorysetup-profiler-bucket-allocator-block-size=33554432"
    "memorysetup-profiler-bucket-allocator-block-count=8"
    "memorysetup-profiler-allocator-block-size=16777216"
    "memorysetup-profiler-editor-allocator-block-size=1048576"
    "memorysetup-temp-allocator-size-main=16777216"
    "memorysetup-job-temp-allocator-block-size=2097152"
    "memorysetup-job-temp-allocator-block-size-background=1048576"
    "memorysetup-job-temp-allocator-reduction-small-platforms=262144"
    "memorysetup-allocator-temp-initial-block-size-main=262144"
    "memorysetup-allocator-temp-initial-block-size-worker=262144"
    "memorysetup-temp-allocator-size-background-worker=32768"
    "memorysetup-temp-allocator-size-job-worker=262144"
    "memorysetup-temp-allocator-size-preload-manager=33554432"
    "memorysetup-temp-allocator-size-nav-mesh-worker=65536"
    "memorysetup-temp-allocator-size-audio-worker=65536"
    "memorysetup-temp-allocator-size-cloud-worker=32768"
    "memorysetup-temp-allocator-size-gi-baking-worker=262144"
    "memorysetup-temp-allocator-size-gfx=262144"
Player connection [4676] Host "[IP] 192.168.1.145 [Port] 0 [Flags] 2 [Guid] 59238277 [EditorId] 59238277 [Version] 1048832 [Id] WindowsEditor(7,JoseMariPC) [Debug] 1 [PackageName] WindowsEditor [ProjectName] Editor" joined multi-casting on [225.0.0.222:54997]...

Player connection [4676] Host "[IP] 192.168.1.145 [Port] 0 [Flags] 2 [Guid] 59238277 [EditorId] 59238277 [Version] 1048832 [Id] WindowsEditor(7,JoseMariPC) [Debug] 1 [PackageName] WindowsEditor [ProjectName] Editor" joined alternative multi-casting on [225.0.0.222:34997]...

[Physics::Module] Initialized MultithreadedJobDispatcher with 11 workers.
Refreshing native plugins compatible for Editor in 14.28 ms, found 4 plugins.
Preloading 0 native plugins for Editor in 0.00 ms.
Initialize engine version: 2022.3.13f1 (5f90a5ebde0f)
[Subsystems] Discovering subsystems at path C:/Program Files/Unity/Hub/Editor/2022.3.13f1/Editor/Data/Resources/UnitySubsystems
[Subsystems] Discovering subsystems at path C:/Users/josem/Unity/Pokemon Chimuelo/Assets
GfxDevice: creating device client; threaded=0; jobified=0
Direct3D:
    Version:  Direct3D 11.0 [level 11.1]
    Renderer: NVIDIA GeForce GTX 1660 SUPER (ID=0x21c4)
    Vendor:   NVIDIA
    VRAM:     5966 MB
    Driver:   31.0.15.5134
Initialize mono
Mono path[0] = 'C:/Program Files/Unity/Hub/Editor/2022.3.13f1/Editor/Data/Managed'
Mono path[1] = 'C:/Program Files/Unity/Hub/Editor/2022.3.13f1/Editor/Data/MonoBleedingEdge/lib/mono/unityjit-win32'
Mono config path = 'C:/Program Files/Unity/Hub/Editor/2022.3.13f1/Editor/Data/MonoBleedingEdge/etc'
Using monoOptions --debugger-agent=transport=dt_socket,embedding=1,server=y,suspend=n,address=127.0.0.1:56448
Begin MonoManager ReloadAssembly
Registering precompiled unity dll's ...
Register platform support module: C:/Program Files/Unity/Hub/Editor/2022.3.13f1/Editor/Data/PlaybackEngines/WebGLSupport/UnityEditor.WebGL.Extensions.dll
Register platform support module: C:/Program Files/Unity/Hub/Editor/2022.3.13f1/Editor/Data/PlaybackEngines/WindowsStandaloneSupport/UnityEditor.WindowsStandalone.Extensions.dll
Registered in 0.010345 seconds.
- Loaded All Assemblies, in  0.339 seconds
Native extension for WindowsStandalone target not found
Native extension for WebGL target not found
Mono: successfully reloaded assembly
- Finished resetting the current domain, in  0.210 seconds
Domain Reload Profiling: 545ms
	BeginReloadAssembly (113ms)
		ExecutionOrderSort (0ms)
		DisableScriptedObjects (0ms)
		BackupInstance (0ms)
		ReleaseScriptingObjects (0ms)
		CreateAndSetChildDomain (1ms)
	RebuildCommonClasses (39ms)
	RebuildNativeTypeToScriptingClass (9ms)
	initialDomainReloadingComplete (65ms)
	LoadAllAssembliesAndSetupDomain (110ms)
		LoadAssemblies (111ms)
		RebuildTransferFunctionScriptingTraits (0ms)
		AnalyzeDomain (108ms)
			TypeCache.Refresh (107ms)
				TypeCache.ScanAssembly (97ms)
			ScanForSourceGeneratedMonoScriptInfo (0ms)
			ResolveRequiredComponents (0ms)
	FinalizeReload (210ms)
		ReleaseScriptCaches (0ms)
		RebuildScriptCaches (0ms)
		SetupLoadedEditorAssemblies (165ms)
			LogAssemblyErrors (0ms)
			InitializePlatformSupportModulesInManaged (9ms)
			SetLoadedEditorAssemblies (4ms)
			RefreshPlugins (0ms)
			BeforeProcessingInitializeOnLoad (2ms)
			ProcessInitializeOnLoadAttributes (108ms)
			ProcessInitializeOnLoadMethodAttributes (42ms)
			AfterProcessingInitializeOnLoad (0ms)
			EditorAssembliesLoaded (0ms)
		ExecutionOrderSort2 (0ms)
		AwakeInstancesAfterBackupRestoration (0ms)
========================================================================
Worker process is ready to serve import requests
Begin MonoManager ReloadAssembly
- Loaded All Assemblies, in  0.631 seconds
Refreshing native plugins compatible for Editor in 4.98 ms, found 4 plugins.
Native extension for WindowsStandalone target not found
Native extension for WebGL target not found
Package Manager log level set to [2]
[Package Manager] Server::EnsureServerProcessIsRunning -- launch failed, reason: Unity was launched with the -noUpm command-line argument
[Package Manager] UpmClient::Send -- Unable to send message (not connected to UPM process).
[Package Manager] Cannot connect to Unity Package Manager local server
Mono: successfully reloaded assembly
- Finished resetting the current domain, in  0.667 seconds
Domain Reload Profiling: 1295ms
	BeginReloadAssembly (131ms)
		ExecutionOrderSort (0ms)
		DisableScriptedObjects (5ms)
		BackupInstance (0ms)
		ReleaseScriptingObjects (0ms)
		CreateAndSetChildDomain (22ms)
	RebuildCommonClasses (26ms)
	RebuildNativeTypeToScriptingClass (8ms)
	initialDomainReloadingComplete (37ms)
	LoadAllAssembliesAndSetupDomain (425ms)
		LoadAssemblies (317ms)
		RebuildTransferFunctionScriptingTraits (0ms)
		AnalyzeDomain (181ms)
			TypeCache.Refresh (146ms)
				TypeCache.ScanAssembly (133ms)
			ScanForSourceGeneratedMonoScriptInfo (22ms)
			ResolveRequiredComponents (11ms)
	FinalizeReload (667ms)
		ReleaseScriptCaches (0ms)
		RebuildScriptCaches (0ms)
		SetupLoadedEditorAssemblies (524ms)
			LogAssemblyErrors (0ms)
			InitializePlatformSupportModulesInManaged (6ms)
			SetLoadedEditorAssemblies (4ms)
			RefreshPlugins (0ms)
			BeforeProcessingInitializeOnLoad (72ms)
			ProcessInitializeOnLoadAttributes (367ms)
			ProcessInitializeOnLoadMethodAttributes (69ms)
			AfterProcessingInitializeOnLoad (6ms)
			EditorAssembliesLoaded (0ms)
		ExecutionOrderSort2 (0ms)
		AwakeInstancesAfterBackupRestoration (6ms)
Launched and connected shader compiler UnityShaderCompiler.exe after 0.05 seconds
Refreshing native plugins compatible for Editor in 7.58 ms, found 4 plugins.
Preloading 0 native plugins for Editor in 0.00 ms.
Unloading 5660 Unused Serialized files (Serialized files now loaded: 0)
Unloading 91 unused Assets / (0.8 MB). Loaded Objects now: 6122.
Memory consumption went from 228.0 MB to 227.3 MB.
Total: 5.508800 ms (FindLiveObjects: 0.677700 ms CreateObjectMapping: 0.197200 ms MarkObjects: 4.208500 ms  DeleteObjects: 0.423700 ms)

AssetImportParameters requested are different than current active one (requested -> active):
  custom:container-demuxer-ogg: 62fdf1f143b41e24485cea50d1cbac27 -> 
  custom:video-decoder-ogg-theora: a1e56fd34408186e4bbccfd4996cb3dc -> 
  custom:scripting/monoscript/fileName/WildPokemon.cs: 19bfdf7762c51c37d2ec88682b0d06dd -> 
  custom:framework-win-MediaFoundation: 216162199b28c13a410421893ffa2e32 -> 
  custom:CustomObjectIndexerAttribute: a3ef5dd2817f97addfee359851a9dba5 -> 
  custom:container-demuxer-webm: 4f35f7cbe854078d1ac9338744f61a02 -> 
  custom:container-muxer-webm: aa71ff27fc2769a1b78a27578f13a17b -> 
  custom:video-decoder-webm-vp8: 9c59270c3fd7afecdb556c50c9e8de78 -> 
  custom:SearchIndexIgnoredProperties: e643bd26f0fe6173181afceb89e7c659 -> 
  custom:AudioImporter_EditorPlatform: d09bf68614088b80899f8185d706f6e7 -> 
  custom:video-encoder-webm-vp8: eb34c28f22e8b96e1ab97ce403110664 -> 
  custom:audio-decoder-ogg-vorbis: bf7c407c2cedff20999df2af8eb42d56 -> 
  custom:audio-encoder-webm-vorbis: bf7c407c2cedff20999df2af8eb42d56 -> 
========================================================================
Received Import Request.
  Time since last request: 530709.004124 seconds.
  path: Assets/Art/Pokemons/Back/319.png
  artifactKey: Guid(d7c64b5e15b9bca4ba9f9c5e9d6ba481) Importer(815301076,1909f56bfc062723c751e8b465ee728b)
Start importing Assets/Art/Pokemons/Back/319.png using Guid(d7c64b5e15b9bca4ba9f9c5e9d6ba481) Importer(815301076,1909f56bfc062723c751e8b465ee728b)  -> (artifact id: '2367e24481929b182d647f664b9628fc') in 0.087693 seconds
Number of updated asset objects reloaded before import = 0
Number of asset objects unloaded after import = 3
========================================================================
Received Import Request.
  Time since last request: 0.246568 seconds.
  path: Assets/Art/Pokemons/Back/323.png
  artifactKey: Guid(17104a675edae304a9dbcb707e509e9c) Importer(815301076,1909f56bfc062723c751e8b465ee728b)
Start importing Assets/Art/Pokemons/Back/323.png using Guid(17104a675edae304a9dbcb707e509e9c) Importer(815301076,1909f56bfc062723c751e8b465ee728b)  -> (artifact id: '31abefab1cd3dab4c908a9c048252de4') in 0.019366 seconds
Number of updated asset objects reloaded before import = 0
Number of asset objects unloaded after import = 3
========================================================================
Received Import Request.
  Time since last request: 0.000018 seconds.
  path: Assets/Art/Pokemons/Back/326.png
  artifactKey: Guid(4ea631203d8d0cf4ba20adce687170e7) Importer(815301076,1909f56bfc062723c751e8b465ee728b)
Start importing Assets/Art/Pokemons/Back/326.png using Guid(4ea631203d8d0cf4ba20adce687170e7) Importer(815301076,1909f56bfc062723c751e8b465ee728b)  -> (artifact id: '0f2768e3f5e7e8ccfe6dfae291863201') in 0.016624 seconds
Number of updated asset objects reloaded before import = 0
Number of asset objects unloaded after import = 3
========================================================================
Received Import Request.
  Time since last request: 0.000019 seconds.
  path: Assets/Art/Pokemons/Back/330.png
  artifactKey: Guid(e9ea98d04f6fcc944b5026fe1b6ce9d2) Importer(815301076,1909f56bfc062723c751e8b465ee728b)
Start importing Assets/Art/Pokemons/Back/330.png using Guid(e9ea98d04f6fcc944b5026fe1b6ce9d2) Importer(815301076,1909f56bfc062723c751e8b465ee728b)  -> (artifact id: 'fe1e693ac352f8c3c53bc24280b1f1aa') in 0.023812 seconds
Number of updated asset objects reloaded before import = 0
Number of asset objects unloaded after import = 3
========================================================================
Received Import Request.
  Time since last request: 0.000017 seconds.
  path: Assets/Art/Pokemons/Back/334.png
  artifactKey: Guid(52e17fafbdbece14aa8ad6b95c5f554a) Importer(815301076,1909f56bfc062723c751e8b465ee728b)
Start importing Assets/Art/Pokemons/Back/334.png using Guid(52e17fafbdbece14aa8ad6b95c5f554a) Importer(815301076,1909f56bfc062723c751e8b465ee728b)  -> (artifact id: '7f2d83f6c257a11f701808c0554f37ef') in 0.023823 seconds
Number of updated asset objects reloaded before import = 0
Number of asset objects unloaded after import = 3
========================================================================
Received Import Request.
  Time since last request: 0.000022 seconds.
  path: Assets/Art/Pokemons/Back/335.png
  artifactKey: Guid(ea819d13ef466434f899bdea6a4b0b26) Importer(815301076,1909f56bfc062723c751e8b465ee728b)
Start importing Assets/Art/Pokemons/Back/335.png using Guid(ea819d13ef466434f899bdea6a4b0b26) Importer(815301076,1909f56bfc062723c751e8b465ee728b)  -> (artifact id: 'bd35010768c08955afdd554302072770') in 0.018240 seconds
Number of updated asset objects reloaded before import = 0
Number of asset objects unloaded after import = 3
========================================================================
Received Import Request.
  Time since last request: 0.315422 seconds.
  path: Assets/Art/Pokemons/Back/336.png
  artifactKey: Guid(8407717b4e156fb44b7776daeacac284) Importer(815301076,1909f56bfc062723c751e8b465ee728b)
Start importing Assets/Art/Pokemons/Back/336.png using Guid(8407717b4e156fb44b7776daeacac284) Importer(815301076,1909f56bfc062723c751e8b465ee728b)  -> (artifact id: '2699459101a43db4b4e3ce442c981732') in 0.018192 seconds
Number of updated asset objects reloaded before import = 0
Number of asset objects unloaded after import = 3
========================================================================
Received Import Request.
  Time since last request: 0.000018 seconds.
  path: Assets/Art/Pokemons/Back/340.png
  artifactKey: Guid(7dcaca1f080ab6843961dda4df093a5b) Importer(815301076,1909f56bfc062723c751e8b465ee728b)
Start importing Assets/Art/Pokemons/Back/340.png using Guid(7dcaca1f080ab6843961dda4df093a5b) Importer(815301076,1909f56bfc062723c751e8b465ee728b)  -> (artifact id: 'a1b2d22f9060fcb85e18dc3fe58c6868') in 0.028751 seconds
Number of updated asset objects reloaded before import = 0
Number of asset objects unloaded after import = 3
========================================================================
Received Import Request.
  Time since last request: 0.000018 seconds.
  path: Assets/Art/Pokemons/Back/343.png
  artifactKey: Guid(c33c20814c981e446a2f587a4c012ac8) Importer(815301076,1909f56bfc062723c751e8b465ee728b)
Start importing Assets/Art/Pokemons/Back/343.png using Guid(c33c20814c981e446a2f587a4c012ac8) Importer(815301076,1909f56bfc062723c751e8b465ee728b)  -> (artifact id: '0fb76fa4cd46a0dd97c381ef5930567c') in 0.023768 seconds
Number of updated asset objects reloaded before import = 0
Number of asset objects unloaded after import = 3
========================================================================
Received Import Request.
  Time since last request: 0.000214 seconds.
  path: Assets/Art/Pokemons/Back/347.png
  artifactKey: Guid(b3acb547e5006334e8ec65bdde548b8c) Importer(815301076,1909f56bfc062723c751e8b465ee728b)
Start importing Assets/Art/Pokemons/Back/347.png using Guid(b3acb547e5006334e8ec65bdde548b8c) Importer(815301076,1909f56bfc062723c751e8b465ee728b)  -> (artifact id: '9db87c48ec53423991b5f3a19b1d81a5') in 0.023365 seconds
Number of updated asset objects reloaded before import = 0
Number of asset objects unloaded after import = 3
========================================================================
Received Import Request.
  Time since last request: 3.181563 seconds.
  path: Assets/Art/Pokemons/Back/349.png
  artifactKey: Guid(a81e363c26e6eaf4dab705fd19b3a11a) Importer(815301076,1909f56bfc062723c751e8b465ee728b)
Start importing Assets/Art/Pokemons/Back/349.png using Guid(a81e363c26e6eaf4dab705fd19b3a11a) Importer(815301076,1909f56bfc062723c751e8b465ee728b)  -> (artifact id: 'd8fe111d30a603976ee7808930de296c') in 0.023023 seconds
Number of updated asset objects reloaded before import = 0
Number of asset objects unloaded after import = 3
========================================================================
Received Import Request.
  Time since last request: 0.000014 seconds.
  path: Assets/Art/Pokemons/Back/351-snowy.png
  artifactKey: Guid(1345f835ff07e7147a0dfcddb0953324) Importer(815301076,1909f56bfc062723c751e8b465ee728b)
Start importing Assets/Art/Pokemons/Back/351-snowy.png using Guid(1345f835ff07e7147a0dfcddb0953324) Importer(815301076,1909f56bfc062723c751e8b465ee728b)  -> (artifact id: '2fa2bbec09addd23b30e8bec58d0b33f') in 0.020178 seconds
Number of updated asset objects reloaded before import = 0
Number of asset objects unloaded after import = 3
========================================================================
Received Import Request.
  Time since last request: 0.000015 seconds.
  path: Assets/Art/Pokemons/Back/355.png
  artifactKey: Guid(b8be21d6d0edc1a40ab088d6ff999805) Importer(815301076,1909f56bfc062723c751e8b465ee728b)
Start importing Assets/Art/Pokemons/Back/355.png using Guid(b8be21d6d0edc1a40ab088d6ff999805) Importer(815301076,1909f56bfc062723c751e8b465ee728b)  -> (artifact id: '0986189c0170d8115f500cbbe8db03b5') in 0.021894 seconds
Number of updated asset objects reloaded before import = 0
Number of asset objects unloaded after import = 3
========================================================================
Received Import Request.
  Time since last request: 0.000015 seconds.
  path: Assets/Art/Pokemons/Back/354.png
  artifactKey: Guid(2505bbc0887d24d42a35e44a293a4b45) Importer(815301076,1909f56bfc062723c751e8b465ee728b)
Start importing Assets/Art/Pokemons/Back/354.png using Guid(2505bbc0887d24d42a35e44a293a4b45) Importer(815301076,1909f56bfc062723c751e8b465ee728b)  -> (artifact id: '5c7aff1988ea6d185ed557fe854fdeb8') in 0.022852 seconds
Number of updated asset objects reloaded before import = 0
Number of asset objects unloaded after import = 3
========================================================================
Received Import Request.
  Time since last request: 0.000017 seconds.
  path: Assets/Art/Pokemons/Back/351-rainy.png
  artifactKey: Guid(875679565b428174da5795d285bdb544) Importer(815301076,1909f56bfc062723c751e8b465ee728b)
Start importing Assets/Art/Pokemons/Back/351-rainy.png using Guid(875679565b428174da5795d285bdb544) Importer(815301076,1909f56bfc062723c751e8b465ee728b)  -> (artifact id: '1730d78af76d34cdee87fea31dcff484') in 0.020808 seconds
Number of updated asset objects reloaded before import = 0
Number of asset objects unloaded after import = 3
========================================================================
Received Import Request.
  Time since last request: 0.008986 seconds.
  path: Assets/Art/Pokemons/Back/359.png
  artifactKey: Guid(fb704a0e3f4cd914b83ea86dd8f42fde) Importer(815301076,1909f56bfc062723c751e8b465ee728b)
Start importing Assets/Art/Pokemons/Back/359.png using Guid(fb704a0e3f4cd914b83ea86dd8f42fde) Importer(815301076,1909f56bfc062723c751e8b465ee728b)  -> (artifact id: '58cd90792267c785696e36f6fcce6b54') in 0.019310 seconds
Number of updated asset objects reloaded before import = 0
Number of asset objects unloaded after import = 3
========================================================================
Received Import Request.
  Time since last request: 0.000021 seconds.
  path: Assets/Art/Pokemons/Back/362.png
  artifactKey: Guid(15ba0a4fb71a91a4c8c318d2e644a3b2) Importer(815301076,1909f56bfc062723c751e8b465ee728b)
Start importing Assets/Art/Pokemons/Back/362.png using Guid(15ba0a4fb71a91a4c8c318d2e644a3b2) Importer(815301076,1909f56bfc062723c751e8b465ee728b)  -> (artifact id: '8cf0bec029cc02f4f8a2b3cf3dd165de') in 0.018059 seconds
Number of updated asset objects reloaded before import = 0
Number of asset objects unloaded after import = 3
========================================================================
Received Import Request.
  Time since last request: 0.000019 seconds.
  path: Assets/Art/Pokemons/Back/367.png
  artifactKey: Guid(067cd0dbff749cf408a7b016281f54c9) Importer(815301076,1909f56bfc062723c751e8b465ee728b)
Start importing Assets/Art/Pokemons/Back/367.png using Guid(067cd0dbff749cf408a7b016281f54c9) Importer(815301076,1909f56bfc062723c751e8b465ee728b)  -> (artifact id: 'f0523283986b5a76f29812df79d10098') in 0.019641 seconds
Number of updated asset objects reloaded before import = 0
Number of asset objects unloaded after import = 3
========================================================================
Received Import Request.
  Time since last request: 0.000036 seconds.
  path: Assets/Art/Pokemons/Back/370.png
  artifactKey: Guid(bfc8b4b2d3d8b084896e9cb0eaeb7662) Importer(815301076,1909f56bfc062723c751e8b465ee728b)
Start importing Assets/Art/Pokemons/Back/370.png using Guid(bfc8b4b2d3d8b084896e9cb0eaeb7662) Importer(815301076,1909f56bfc062723c751e8b465ee728b)  -> (artifact id: '2917c1ab170e8eb6002a72cb6b85d2c6') in 0.020945 seconds
Number of updated asset objects reloaded before import = 0
Number of asset objects unloaded after import = 3
========================================================================
Received Import Request.
  Time since last request: 0.012091 seconds.
  path: Assets/Art/Pokemons/Back/372.png
  artifactKey: Guid(d124869f3642eda479a7e7de12be23d9) Importer(815301076,1909f56bfc062723c751e8b465ee728b)
Start importing Assets/Art/Pokemons/Back/372.png using Guid(d124869f3642eda479a7e7de12be23d9) Importer(815301076,1909f56bfc062723c751e8b465ee728b)  -> (artifact id: '8f9ab926dccefda8d0e64db594697f83') in 0.020201 seconds
Number of updated asset objects reloaded before import = 0
Number of asset objects unloaded after import = 3
========================================================================
Received Import Request.
  Time since last request: 0.000016 seconds.
  path: Assets/Art/Pokemons/Back/376.png
  artifactKey: Guid(cfffa9707f45975448b2d6dc8aef0d88) Importer(815301076,1909f56bfc062723c751e8b465ee728b)
Start importing Assets/Art/Pokemons/Back/376.png using Guid(cfffa9707f45975448b2d6dc8aef0d88) Importer(815301076,1909f56bfc062723c751e8b465ee728b)  -> (artifact id: '299e75f00df2a084df7157c427914d75') in 0.019350 seconds
Number of updated asset objects reloaded before import = 0
Number of asset objects unloaded after import = 3
========================================================================
Received Import Request.
  Time since last request: 0.000020 seconds.
  path: Assets/Art/Pokemons/Back/375.png
  artifactKey: Guid(eaae7bf4ccf7c0b4889faa4137eb252a) Importer(815301076,1909f56bfc062723c751e8b465ee728b)
Start importing Assets/Art/Pokemons/Back/375.png using Guid(eaae7bf4ccf7c0b4889faa4137eb252a) Importer(815301076,1909f56bfc062723c751e8b465ee728b)  -> (artifact id: '7c5563529df5d995780b607f2139017a') in 0.020002 seconds
Number of updated asset objects reloaded before import = 0
Number of asset objects unloaded after import = 3
========================================================================
Received Import Request.
  Time since last request: 0.000016 seconds.
  path: Assets/Art/Pokemons/Back/382.png
  artifactKey: Guid(cb8b727a7fc21014b95a354c7fe346bb) Importer(815301076,1909f56bfc062723c751e8b465ee728b)
Start importing Assets/Art/Pokemons/Back/382.png using Guid(cb8b727a7fc21014b95a354c7fe346bb) Importer(815301076,1909f56bfc062723c751e8b465ee728b)  -> (artifact id: 'dda108f46a013b4dbf02049f95f077dc') in 0.019121 seconds
Number of updated asset objects reloaded before import = 0
Number of asset objects unloaded after import = 3
========================================================================
Received Import Request.
  Time since last request: 0.141062 seconds.
  path: Assets/Art/Pokemons/Back/385.png
  artifactKey: Guid(f4e44349b8431d94595f2efffa06216a) Importer(815301076,1909f56bfc062723c751e8b465ee728b)
Start importing Assets/Art/Pokemons/Back/385.png using Guid(f4e44349b8431d94595f2efffa06216a) Importer(815301076,1909f56bfc062723c751e8b465ee728b)  -> (artifact id: 'd70649198c6fefb39b59e7cec8e1d44e') in 0.017883 seconds
Number of updated asset objects reloaded before import = 0
Number of asset objects unloaded after import = 3
========================================================================
Received Import Request.
  Time since last request: 0.000018 seconds.
  path: Assets/Art/Pokemons/Back/386-defense.png
  artifactKey: Guid(5daf8cd5fd753d545bdeb7a7bb3ef6a6) Importer(815301076,1909f56bfc062723c751e8b465ee728b)
Start importing Assets/Art/Pokemons/Back/386-defense.png using Guid(5daf8cd5fd753d545bdeb7a7bb3ef6a6) Importer(815301076,1909f56bfc062723c751e8b465ee728b)  -> (artifact id: '6b8ca6dc62607846e50ba1d3e6da8a51') in 0.024307 seconds
Number of updated asset objects reloaded before import = 0
Number of asset objects unloaded after import = 3
========================================================================
Received Import Request.
  Time since last request: 0.000017 seconds.
  path: Assets/Art/Pokemons/Back/386-speed.png
  artifactKey: Guid(cf59f63e743067742b88192e4fb17eea) Importer(815301076,1909f56bfc062723c751e8b465ee728b)
Start importing Assets/Art/Pokemons/Back/386-speed.png using Guid(cf59f63e743067742b88192e4fb17eea) Importer(815301076,1909f56bfc062723c751e8b465ee728b)  -> (artifact id: 'b37f4a90daf55db83ade2dbd12cced2b') in 0.021620 seconds
Number of updated asset objects reloaded before import = 0
Number of asset objects unloaded after import = 3
========================================================================
Received Import Request.
  Time since last request: 21.397856 seconds.
  path: Assets/Art/Pokemons/Back/229.png
  artifactKey: Guid(67f009067fa5bac498e5de0855f99153) Importer(815301076,1909f56bfc062723c751e8b465ee728b)
Start importing Assets/Art/Pokemons/Back/229.png using Guid(67f009067fa5bac498e5de0855f99153) Importer(815301076,1909f56bfc062723c751e8b465ee728b)  -> (artifact id: '92acc3707cf59085685f0bf2052ce3b7') in 0.019320 seconds
Number of updated asset objects reloaded before import = 0
Number of asset objects unloaded after import = 3
========================================================================
Received Import Request.
  Time since last request: 0.012761 seconds.
  path: Assets/Art/Pokemons/Back/262.png
  artifactKey: Guid(2bf27dd34495c8b47897741f77f3e890) Importer(815301076,1909f56bfc062723c751e8b465ee728b)
Start importing Assets/Art/Pokemons/Back/262.png using Guid(2bf27dd34495c8b47897741f77f3e890) Importer(815301076,1909f56bfc062723c751e8b465ee728b)  -> (artifact id: '4388b9428a36f5a235d93c5c5f8a9802') in 0.011675 seconds
Number of updated asset objects reloaded before import = 0
Number of asset objects unloaded after import = 3
========================================================================
Received Import Request.
  Time since last request: 36.631426 seconds.
  path: Assets/Art/Pokemons/Front/323.png
  artifactKey: Guid(afc4ff41b48bc9d49b63732f2e911d0a) Importer(815301076,1909f56bfc062723c751e8b465ee728b)
Start importing Assets/Art/Pokemons/Front/323.png using Guid(afc4ff41b48bc9d49b63732f2e911d0a) Importer(815301076,1909f56bfc062723c751e8b465ee728b)  -> (artifact id: '7b17740c34b485c384c8969f61fd16f9') in 0.030052 seconds
Number of updated asset objects reloaded before import = 0
Number of asset objects unloaded after import = 3
========================================================================
Received Import Request.
  Time since last request: 26.721598 seconds.
  path: Assets/Game/Resources/Pokemons/Camerupt.asset
  artifactKey: Guid(82bd8a231c6e796499cb5036ea463dbb) Importer(815301076,1909f56bfc062723c751e8b465ee728b)
Start importing Assets/Game/Resources/Pokemons/Camerupt.asset using Guid(82bd8a231c6e796499cb5036ea463dbb) Importer(815301076,1909f56bfc062723c751e8b465ee728b)  -> (artifact id: 'e8c88b2e6519c2a14b471eef20b0c10f') in 0.002497 seconds
Number of updated asset objects reloaded before import = 0
Number of asset objects unloaded after import = 3
========================================================================
Received Import Request.
  Time since last request: 58.722765 seconds.
  path: Assets/Game/Resources/Pokemons/Camerupt.asset
  artifactKey: Guid(82bd8a231c6e796499cb5036ea463dbb) Importer(815301076,1909f56bfc062723c751e8b465ee728b)
Start importing Assets/Game/Resources/Pokemons/Camerupt.asset using Guid(82bd8a231c6e796499cb5036ea463dbb) Importer(815301076,1909f56bfc062723c751e8b465ee728b)  -> (artifact id: '0baa2c22a301e9e8472b341798e99fd5') in 0.001472 seconds
Number of updated asset objects reloaded before import = 0
Number of asset objects unloaded after import = 3
========================================================================
Received Prepare
Begin MonoManager ReloadAssembly
- Loaded All Assemblies, in  0.547 seconds
Refreshing native plugins compatible for Editor in 6.80 ms, found 4 plugins.
Native extension for WindowsStandalone target not found
Native extension for WebGL target not found
[Package Manager] Server::EnsureServerProcessIsRunning -- launch failed, reason: Unity was launched with the -noUpm command-line argument
[Package Manager] UpmClient::Send -- Unable to send message (not connected to UPM process).
[Package Manager] Cannot connect to Unity Package Manager local server
Mono: successfully reloaded assembly
- Finished resetting the current domain, in  1.642 seconds
Domain Reload Profiling: 2185ms
	BeginReloadAssembly (157ms)
		ExecutionOrderSort (0ms)
		DisableScriptedObjects (12ms)
		BackupInstance (0ms)
		ReleaseScriptingObjects (0ms)
		CreateAndSetChildDomain (37ms)
	RebuildCommonClasses (42ms)
	RebuildNativeTypeToScriptingClass (14ms)
	initialDomainReloadingComplete (32ms)
	LoadAllAssembliesAndSetupDomain (296ms)
		LoadAssemblies (349ms)
		RebuildTransferFunctionScriptingTraits (0ms)
		AnalyzeDomain (24ms)
			TypeCache.Refresh (7ms)
				TypeCache.ScanAssembly (0ms)
			ScanForSourceGeneratedMonoScriptInfo (0ms)
			ResolveRequiredComponents (15ms)
	FinalizeReload (1643ms)
		ReleaseScriptCaches (0ms)
		RebuildScriptCaches (0ms)
		SetupLoadedEditorAssemblies (769ms)
			LogAssemblyErrors (0ms)
			InitializePlatformSupportModulesInManaged (10ms)
			SetLoadedEditorAssemblies (7ms)
			RefreshPlugins (0ms)
			BeforeProcessingInitializeOnLoad (127ms)
			ProcessInitializeOnLoadAttributes (513ms)
			ProcessInitializeOnLoadMethodAttributes (101ms)
			AfterProcessingInitializeOnLoad (10ms)
			EditorAssembliesLoaded (0ms)
		ExecutionOrderSort2 (0ms)
		AwakeInstancesAfterBackupRestoration (19ms)
Refreshing native plugins compatible for Editor in 6.97 ms, found 4 plugins.
Preloading 0 native plugins for Editor in 0.00 ms.
Unloading 5559 Unused Serialized files (Serialized files now loaded: 0)
Unloading 54 unused Assets / (0.7 MB). Loaded Objects now: 6133.
Memory consumption went from 211.1 MB to 210.4 MB.
Total: 5.312700 ms (FindLiveObjects: 0.624300 ms CreateObjectMapping: 0.550100 ms MarkObjects: 3.766700 ms  DeleteObjects: 0.369600 ms)

Prepare: number of updated asset objects reloaded= 0
AssetImportParameters requested are different than current active one (requested -> active):
  custom:container-demuxer-ogg: 62fdf1f143b41e24485cea50d1cbac27 -> 
  custom:video-decoder-ogg-theora: a1e56fd34408186e4bbccfd4996cb3dc -> 
  custom:scripting/monoscript/fileName/WildPokemon.cs: 19bfdf7762c51c37d2ec88682b0d06dd -> 
  custom:framework-win-MediaFoundation: 216162199b28c13a410421893ffa2e32 -> 
  custom:CustomObjectIndexerAttribute: a3ef5dd2817f97addfee359851a9dba5 -> 
  custom:container-demuxer-webm: 4f35f7cbe854078d1ac9338744f61a02 -> 
  custom:container-muxer-webm: aa71ff27fc2769a1b78a27578f13a17b -> 
  custom:video-decoder-webm-vp8: 9c59270c3fd7afecdb556c50c9e8de78 -> 
  custom:SearchIndexIgnoredProperties: e643bd26f0fe6173181afceb89e7c659 -> 
  custom:AudioImporter_EditorPlatform: d09bf68614088b80899f8185d706f6e7 -> 
  custom:video-encoder-webm-vp8: eb34c28f22e8b96e1ab97ce403110664 -> 
  custom:audio-decoder-ogg-vorbis: bf7c407c2cedff20999df2af8eb42d56 -> 
  custom:audio-encoder-webm-vorbis: bf7c407c2cedff20999df2af8eb42d56 -> 
